{"/workspaces/in-memory/src/commands/bf/bf-add.js": {"path":"/workspaces/in-memory/src/commands/bf/bf-add.js","statementMap":{"0":{"start":{"line":9,"column":4},"end":{"line":11,"column":5}},"1":{"start":{"line":10,"column":8},"end":{"line":10,"column":56}},"2":{"start":{"line":12,"column":4},"end":{"line":14,"column":5}},"3":{"start":{"line":13,"column":8},"end":{"line":13,"column":58}},"4":{"start":{"line":16,"column":4},"end":{"line":16,"column":50}},"5":{"start":{"line":17,"column":4},"end":{"line":17,"column":68}},"6":{"start":{"line":19,"column":4},"end":{"line":21,"column":5}},"7":{"start":{"line":20,"column":8},"end":{"line":20,"column":61}},"8":{"start":{"line":23,"column":4},"end":{"line":23,"column":47}},"9":{"start":{"line":24,"column":4},"end":{"line":24,"column":32}}},"fnMap":{"0":{"name":"bloomFilterAddCommand","decl":{"start":{"line":8,"column":16},"end":{"line":8,"column":37}},"loc":{"start":{"line":8,"column":69},"end":{"line":25,"column":1}},"line":8}},"branchMap":{"0":{"loc":{"start":{"line":9,"column":4},"end":{"line":11,"column":5}},"type":"if","locations":[{"start":{"line":9,"column":4},"end":{"line":11,"column":5}},{"start":{},"end":{}}],"line":9},"1":{"loc":{"start":{"line":12,"column":4},"end":{"line":14,"column":5}},"type":"if","locations":[{"start":{"line":12,"column":4},"end":{"line":14,"column":5}},{"start":{},"end":{}}],"line":12},"2":{"loc":{"start":{"line":16,"column":25},"end":{"line":16,"column":49}},"type":"binary-expr","locations":[{"start":{"line":16,"column":25},"end":{"line":16,"column":43}},{"start":{"line":16,"column":47},"end":{"line":16,"column":49}}],"line":16},"3":{"loc":{"start":{"line":17,"column":34},"end":{"line":17,"column":67}},"type":"binary-expr","locations":[{"start":{"line":17,"column":34},"end":{"line":17,"column":61}},{"start":{"line":17,"column":65},"end":{"line":17,"column":67}}],"line":17},"4":{"loc":{"start":{"line":19,"column":4},"end":{"line":21,"column":5}},"type":"if","locations":[{"start":{"line":19,"column":4},"end":{"line":21,"column":5}},{"start":{},"end":{}}],"line":19}},"s":{"0":3,"1":1,"2":2,"3":1,"4":1,"5":1,"6":1,"7":1,"8":1,"9":1},"f":{"0":3},"b":{"0":[1,2],"1":[1,1],"2":[1,1],"3":[1,1],"4":[1,0]},"_coverageSchema":"1a1c01bbd47fc00a2c39e90264f33305004495a9","hash":"771e51ff51bdd17546db737719e0229899830377"}
,"/workspaces/in-memory/src/commands/bf/bf-exists.js": {"path":"/workspaces/in-memory/src/commands/bf/bf-exists.js","statementMap":{"0":{"start":{"line":9,"column":4},"end":{"line":11,"column":5}},"1":{"start":{"line":10,"column":8},"end":{"line":10,"column":56}},"2":{"start":{"line":12,"column":4},"end":{"line":14,"column":5}},"3":{"start":{"line":13,"column":8},"end":{"line":13,"column":58}},"4":{"start":{"line":16,"column":4},"end":{"line":16,"column":50}},"5":{"start":{"line":17,"column":4},"end":{"line":17,"column":68}},"6":{"start":{"line":19,"column":4},"end":{"line":21,"column":5}},"7":{"start":{"line":20,"column":8},"end":{"line":20,"column":58}},"8":{"start":{"line":23,"column":19},"end":{"line":23,"column":70}},"9":{"start":{"line":24,"column":4},"end":{"line":24,"column":34}}},"fnMap":{"0":{"name":"bloomFilterExistCommand","decl":{"start":{"line":8,"column":16},"end":{"line":8,"column":39}},"loc":{"start":{"line":8,"column":71},"end":{"line":25,"column":1}},"line":8}},"branchMap":{"0":{"loc":{"start":{"line":9,"column":4},"end":{"line":11,"column":5}},"type":"if","locations":[{"start":{"line":9,"column":4},"end":{"line":11,"column":5}},{"start":{},"end":{}}],"line":9},"1":{"loc":{"start":{"line":12,"column":4},"end":{"line":14,"column":5}},"type":"if","locations":[{"start":{"line":12,"column":4},"end":{"line":14,"column":5}},{"start":{},"end":{}}],"line":12},"2":{"loc":{"start":{"line":16,"column":25},"end":{"line":16,"column":49}},"type":"binary-expr","locations":[{"start":{"line":16,"column":25},"end":{"line":16,"column":43}},{"start":{"line":16,"column":47},"end":{"line":16,"column":49}}],"line":16},"3":{"loc":{"start":{"line":17,"column":34},"end":{"line":17,"column":67}},"type":"binary-expr","locations":[{"start":{"line":17,"column":34},"end":{"line":17,"column":61}},{"start":{"line":17,"column":65},"end":{"line":17,"column":67}}],"line":17},"4":{"loc":{"start":{"line":19,"column":4},"end":{"line":21,"column":5}},"type":"if","locations":[{"start":{"line":19,"column":4},"end":{"line":21,"column":5}},{"start":{},"end":{}}],"line":19}},"s":{"0":5,"1":1,"2":4,"3":1,"4":3,"5":3,"6":3,"7":1,"8":2,"9":2},"f":{"0":5},"b":{"0":[1,4],"1":[1,3],"2":[3,1],"3":[3,1],"4":[1,2]},"_coverageSchema":"1a1c01bbd47fc00a2c39e90264f33305004495a9","hash":"a4c717f1cf44c51aa830d8236c6957a8c7c332cc"}
,"/workspaces/in-memory/src/commands/client/auth.js": {"path":"/workspaces/in-memory/src/commands/client/auth.js","statementMap":{"0":{"start":{"line":7,"column":4},"end":{"line":9,"column":5}},"1":{"start":{"line":8,"column":8},"end":{"line":8,"column":64}},"2":{"start":{"line":11,"column":4},"end":{"line":13,"column":5}},"3":{"start":{"line":12,"column":8},"end":{"line":12,"column":64}},"4":{"start":{"line":15,"column":4},"end":{"line":17,"column":5}},"5":{"start":{"line":16,"column":8},"end":{"line":16,"column":60}},"6":{"start":{"line":18,"column":4},"end":{"line":20,"column":5}},"7":{"start":{"line":19,"column":8},"end":{"line":19,"column":60}},"8":{"start":{"line":24,"column":4},"end":{"line":24,"column":31}}},"fnMap":{"0":{"name":"authCommand","decl":{"start":{"line":5,"column":16},"end":{"line":5,"column":27}},"loc":{"start":{"line":5,"column":46},"end":{"line":25,"column":1}},"line":5}},"branchMap":{"0":{"loc":{"start":{"line":5,"column":28},"end":{"line":5,"column":44}},"type":"default-arg","locations":[{"start":{"line":5,"column":42},"end":{"line":5,"column":44}}],"line":5},"1":{"loc":{"start":{"line":7,"column":4},"end":{"line":9,"column":5}},"type":"if","locations":[{"start":{"line":7,"column":4},"end":{"line":9,"column":5}},{"start":{},"end":{}}],"line":7},"2":{"loc":{"start":{"line":11,"column":4},"end":{"line":13,"column":5}},"type":"if","locations":[{"start":{"line":11,"column":4},"end":{"line":13,"column":5}},{"start":{},"end":{}}],"line":11},"3":{"loc":{"start":{"line":15,"column":4},"end":{"line":17,"column":5}},"type":"if","locations":[{"start":{"line":15,"column":4},"end":{"line":17,"column":5}},{"start":{},"end":{}}],"line":15},"4":{"loc":{"start":{"line":15,"column":8},"end":{"line":15,"column":98}},"type":"binary-expr","locations":[{"start":{"line":15,"column":8},"end":{"line":15,"column":46}},{"start":{"line":15,"column":50},"end":{"line":15,"column":98}}],"line":15},"5":{"loc":{"start":{"line":18,"column":4},"end":{"line":20,"column":5}},"type":"if","locations":[{"start":{"line":18,"column":4},"end":{"line":20,"column":5}},{"start":{},"end":{}}],"line":18},"6":{"loc":{"start":{"line":18,"column":8},"end":{"line":18,"column":98}},"type":"binary-expr","locations":[{"start":{"line":18,"column":8},"end":{"line":18,"column":46}},{"start":{"line":18,"column":50},"end":{"line":18,"column":98}}],"line":18}},"s":{"0":7,"1":1,"2":6,"3":1,"4":5,"5":2,"6":3,"7":2,"8":1},"f":{"0":7},"b":{"0":[0],"1":[1,6],"2":[1,5],"3":[2,3],"4":[5,4],"5":[2,1],"6":[3,2]},"_coverageSchema":"1a1c01bbd47fc00a2c39e90264f33305004495a9","hash":"ab41d016f6f2d6d92ca502466b2ee5fe81bc6e29"}
,"/workspaces/in-memory/src/commands/hashes/h-del.js": {"path":"/workspaces/in-memory/src/commands/hashes/h-del.js","statementMap":{"0":{"start":{"line":9,"column":4},"end":{"line":11,"column":5}},"1":{"start":{"line":10,"column":8},"end":{"line":10,"column":56}},"2":{"start":{"line":12,"column":4},"end":{"line":14,"column":5}},"3":{"start":{"line":13,"column":8},"end":{"line":13,"column":58}},"4":{"start":{"line":16,"column":4},"end":{"line":16,"column":50}},"5":{"start":{"line":17,"column":4},"end":{"line":17,"column":66}},"6":{"start":{"line":19,"column":4},"end":{"line":21,"column":5}},"7":{"start":{"line":20,"column":8},"end":{"line":20,"column":58}},"8":{"start":{"line":23,"column":4},"end":{"line":23,"column":50}},"9":{"start":{"line":24,"column":4},"end":{"line":24,"column":32}}},"fnMap":{"0":{"name":"hashDelCommand","decl":{"start":{"line":8,"column":16},"end":{"line":8,"column":30}},"loc":{"start":{"line":8,"column":63},"end":{"line":25,"column":1}},"line":8}},"branchMap":{"0":{"loc":{"start":{"line":9,"column":4},"end":{"line":11,"column":5}},"type":"if","locations":[{"start":{"line":9,"column":4},"end":{"line":11,"column":5}},{"start":{},"end":{}}],"line":9},"1":{"loc":{"start":{"line":12,"column":4},"end":{"line":14,"column":5}},"type":"if","locations":[{"start":{"line":12,"column":4},"end":{"line":14,"column":5}},{"start":{},"end":{}}],"line":12},"2":{"loc":{"start":{"line":16,"column":25},"end":{"line":16,"column":49}},"type":"binary-expr","locations":[{"start":{"line":16,"column":25},"end":{"line":16,"column":43}},{"start":{"line":16,"column":47},"end":{"line":16,"column":49}}],"line":16},"3":{"loc":{"start":{"line":17,"column":33},"end":{"line":17,"column":65}},"type":"binary-expr","locations":[{"start":{"line":17,"column":33},"end":{"line":17,"column":59}},{"start":{"line":17,"column":63},"end":{"line":17,"column":65}}],"line":17},"4":{"loc":{"start":{"line":19,"column":4},"end":{"line":21,"column":5}},"type":"if","locations":[{"start":{"line":19,"column":4},"end":{"line":21,"column":5}},{"start":{},"end":{}}],"line":19}},"s":{"0":5,"1":1,"2":4,"3":1,"4":3,"5":3,"6":3,"7":1,"8":2,"9":2},"f":{"0":5},"b":{"0":[1,4],"1":[1,3],"2":[3,1],"3":[3,1],"4":[1,2]},"_coverageSchema":"1a1c01bbd47fc00a2c39e90264f33305004495a9","hash":"f349228cbfaa458f3bdca5ac728e0c69cd553f1b"}
,"/workspaces/in-memory/src/commands/hashes/h-exists.js": {"path":"/workspaces/in-memory/src/commands/hashes/h-exists.js","statementMap":{"0":{"start":{"line":9,"column":4},"end":{"line":11,"column":5}},"1":{"start":{"line":10,"column":8},"end":{"line":10,"column":56}},"2":{"start":{"line":12,"column":4},"end":{"line":14,"column":5}},"3":{"start":{"line":13,"column":8},"end":{"line":13,"column":58}},"4":{"start":{"line":16,"column":4},"end":{"line":16,"column":50}},"5":{"start":{"line":17,"column":4},"end":{"line":17,"column":66}},"6":{"start":{"line":19,"column":4},"end":{"line":21,"column":5}},"7":{"start":{"line":20,"column":8},"end":{"line":20,"column":58}},"8":{"start":{"line":23,"column":19},"end":{"line":23,"column":61}},"9":{"start":{"line":24,"column":4},"end":{"line":24,"column":34}}},"fnMap":{"0":{"name":"hashExistsCommand","decl":{"start":{"line":8,"column":16},"end":{"line":8,"column":33}},"loc":{"start":{"line":8,"column":66},"end":{"line":25,"column":1}},"line":8}},"branchMap":{"0":{"loc":{"start":{"line":9,"column":4},"end":{"line":11,"column":5}},"type":"if","locations":[{"start":{"line":9,"column":4},"end":{"line":11,"column":5}},{"start":{},"end":{}}],"line":9},"1":{"loc":{"start":{"line":12,"column":4},"end":{"line":14,"column":5}},"type":"if","locations":[{"start":{"line":12,"column":4},"end":{"line":14,"column":5}},{"start":{},"end":{}}],"line":12},"2":{"loc":{"start":{"line":16,"column":25},"end":{"line":16,"column":49}},"type":"binary-expr","locations":[{"start":{"line":16,"column":25},"end":{"line":16,"column":43}},{"start":{"line":16,"column":47},"end":{"line":16,"column":49}}],"line":16},"3":{"loc":{"start":{"line":17,"column":33},"end":{"line":17,"column":65}},"type":"binary-expr","locations":[{"start":{"line":17,"column":33},"end":{"line":17,"column":59}},{"start":{"line":17,"column":63},"end":{"line":17,"column":65}}],"line":17},"4":{"loc":{"start":{"line":19,"column":4},"end":{"line":21,"column":5}},"type":"if","locations":[{"start":{"line":19,"column":4},"end":{"line":21,"column":5}},{"start":{},"end":{}}],"line":19}},"s":{"0":5,"1":1,"2":4,"3":1,"4":3,"5":3,"6":3,"7":1,"8":2,"9":2},"f":{"0":5},"b":{"0":[1,4],"1":[1,3],"2":[3,1],"3":[3,1],"4":[1,2]},"_coverageSchema":"1a1c01bbd47fc00a2c39e90264f33305004495a9","hash":"9228497a208e5e92ead262d0089cb87618158807"}
,"/workspaces/in-memory/src/commands/hashes/h-get-all.js": {"path":"/workspaces/in-memory/src/commands/hashes/h-get-all.js","statementMap":{"0":{"start":{"line":9,"column":4},"end":{"line":11,"column":5}},"1":{"start":{"line":10,"column":8},"end":{"line":10,"column":56}},"2":{"start":{"line":13,"column":4},"end":{"line":13,"column":50}},"3":{"start":{"line":14,"column":4},"end":{"line":14,"column":66}},"4":{"start":{"line":16,"column":4},"end":{"line":18,"column":5}},"5":{"start":{"line":17,"column":8},"end":{"line":17,"column":58}},"6":{"start":{"line":20,"column":22},"end":{"line":20,"column":63}},"7":{"start":{"line":21,"column":4},"end":{"line":21,"column":37}}},"fnMap":{"0":{"name":"hashGetAllCommand","decl":{"start":{"line":8,"column":16},"end":{"line":8,"column":33}},"loc":{"start":{"line":8,"column":59},"end":{"line":22,"column":1}},"line":8}},"branchMap":{"0":{"loc":{"start":{"line":9,"column":4},"end":{"line":11,"column":5}},"type":"if","locations":[{"start":{"line":9,"column":4},"end":{"line":11,"column":5}},{"start":{},"end":{}}],"line":9},"1":{"loc":{"start":{"line":13,"column":25},"end":{"line":13,"column":49}},"type":"binary-expr","locations":[{"start":{"line":13,"column":25},"end":{"line":13,"column":43}},{"start":{"line":13,"column":47},"end":{"line":13,"column":49}}],"line":13},"2":{"loc":{"start":{"line":14,"column":33},"end":{"line":14,"column":65}},"type":"binary-expr","locations":[{"start":{"line":14,"column":33},"end":{"line":14,"column":59}},{"start":{"line":14,"column":63},"end":{"line":14,"column":65}}],"line":14},"3":{"loc":{"start":{"line":16,"column":4},"end":{"line":18,"column":5}},"type":"if","locations":[{"start":{"line":16,"column":4},"end":{"line":18,"column":5}},{"start":{},"end":{}}],"line":16}},"s":{"0":4,"1":1,"2":3,"3":3,"4":3,"5":1,"6":2,"7":2},"f":{"0":4},"b":{"0":[1,3],"1":[3,1],"2":[3,1],"3":[1,2]},"_coverageSchema":"1a1c01bbd47fc00a2c39e90264f33305004495a9","hash":"4339dd2bd00dc2ca6aec5792b15be025eb2c24aa"}
,"/workspaces/in-memory/src/commands/hashes/h-get.js": {"path":"/workspaces/in-memory/src/commands/hashes/h-get.js","statementMap":{"0":{"start":{"line":9,"column":4},"end":{"line":11,"column":5}},"1":{"start":{"line":10,"column":8},"end":{"line":10,"column":56}},"2":{"start":{"line":12,"column":4},"end":{"line":14,"column":5}},"3":{"start":{"line":13,"column":8},"end":{"line":13,"column":58}},"4":{"start":{"line":16,"column":4},"end":{"line":16,"column":50}},"5":{"start":{"line":17,"column":4},"end":{"line":17,"column":66}},"6":{"start":{"line":19,"column":4},"end":{"line":21,"column":5}},"7":{"start":{"line":20,"column":8},"end":{"line":20,"column":58}},"8":{"start":{"line":23,"column":18},"end":{"line":23,"column":60}},"9":{"start":{"line":24,"column":4},"end":{"line":24,"column":33}}},"fnMap":{"0":{"name":"hashGetCommand","decl":{"start":{"line":8,"column":16},"end":{"line":8,"column":30}},"loc":{"start":{"line":8,"column":63},"end":{"line":25,"column":1}},"line":8}},"branchMap":{"0":{"loc":{"start":{"line":9,"column":4},"end":{"line":11,"column":5}},"type":"if","locations":[{"start":{"line":9,"column":4},"end":{"line":11,"column":5}},{"start":{},"end":{}}],"line":9},"1":{"loc":{"start":{"line":12,"column":4},"end":{"line":14,"column":5}},"type":"if","locations":[{"start":{"line":12,"column":4},"end":{"line":14,"column":5}},{"start":{},"end":{}}],"line":12},"2":{"loc":{"start":{"line":16,"column":25},"end":{"line":16,"column":49}},"type":"binary-expr","locations":[{"start":{"line":16,"column":25},"end":{"line":16,"column":43}},{"start":{"line":16,"column":47},"end":{"line":16,"column":49}}],"line":16},"3":{"loc":{"start":{"line":17,"column":33},"end":{"line":17,"column":65}},"type":"binary-expr","locations":[{"start":{"line":17,"column":33},"end":{"line":17,"column":59}},{"start":{"line":17,"column":63},"end":{"line":17,"column":65}}],"line":17},"4":{"loc":{"start":{"line":19,"column":4},"end":{"line":21,"column":5}},"type":"if","locations":[{"start":{"line":19,"column":4},"end":{"line":21,"column":5}},{"start":{},"end":{}}],"line":19}},"s":{"0":5,"1":1,"2":4,"3":1,"4":3,"5":3,"6":3,"7":1,"8":2,"9":2},"f":{"0":5},"b":{"0":[1,4],"1":[1,3],"2":[3,1],"3":[3,1],"4":[1,2]},"_coverageSchema":"1a1c01bbd47fc00a2c39e90264f33305004495a9","hash":"4ec3f729bd6a7f64ff40137336132787a4da1409"}
,"/workspaces/in-memory/src/commands/hashes/h-keys.js": {"path":"/workspaces/in-memory/src/commands/hashes/h-keys.js","statementMap":{"0":{"start":{"line":9,"column":4},"end":{"line":11,"column":5}},"1":{"start":{"line":10,"column":8},"end":{"line":10,"column":56}},"2":{"start":{"line":13,"column":4},"end":{"line":13,"column":50}},"3":{"start":{"line":14,"column":4},"end":{"line":14,"column":66}},"4":{"start":{"line":16,"column":4},"end":{"line":18,"column":5}},"5":{"start":{"line":17,"column":8},"end":{"line":17,"column":58}},"6":{"start":{"line":20,"column":17},"end":{"line":20,"column":58}},"7":{"start":{"line":21,"column":4},"end":{"line":21,"column":32}}},"fnMap":{"0":{"name":"hashKeysCommand","decl":{"start":{"line":8,"column":16},"end":{"line":8,"column":31}},"loc":{"start":{"line":8,"column":57},"end":{"line":22,"column":1}},"line":8}},"branchMap":{"0":{"loc":{"start":{"line":9,"column":4},"end":{"line":11,"column":5}},"type":"if","locations":[{"start":{"line":9,"column":4},"end":{"line":11,"column":5}},{"start":{},"end":{}}],"line":9},"1":{"loc":{"start":{"line":13,"column":25},"end":{"line":13,"column":49}},"type":"binary-expr","locations":[{"start":{"line":13,"column":25},"end":{"line":13,"column":43}},{"start":{"line":13,"column":47},"end":{"line":13,"column":49}}],"line":13},"2":{"loc":{"start":{"line":14,"column":33},"end":{"line":14,"column":65}},"type":"binary-expr","locations":[{"start":{"line":14,"column":33},"end":{"line":14,"column":59}},{"start":{"line":14,"column":63},"end":{"line":14,"column":65}}],"line":14},"3":{"loc":{"start":{"line":16,"column":4},"end":{"line":18,"column":5}},"type":"if","locations":[{"start":{"line":16,"column":4},"end":{"line":18,"column":5}},{"start":{},"end":{}}],"line":16}},"s":{"0":4,"1":1,"2":3,"3":3,"4":3,"5":1,"6":2,"7":2},"f":{"0":4},"b":{"0":[1,3],"1":[3,1],"2":[3,1],"3":[1,2]},"_coverageSchema":"1a1c01bbd47fc00a2c39e90264f33305004495a9","hash":"ac40a673d3bc416670e113b0601b15d0e7baf44f"}
,"/workspaces/in-memory/src/commands/hashes/h-len.js": {"path":"/workspaces/in-memory/src/commands/hashes/h-len.js","statementMap":{"0":{"start":{"line":9,"column":4},"end":{"line":11,"column":5}},"1":{"start":{"line":10,"column":8},"end":{"line":10,"column":56}},"2":{"start":{"line":13,"column":4},"end":{"line":13,"column":50}},"3":{"start":{"line":14,"column":4},"end":{"line":14,"column":66}},"4":{"start":{"line":16,"column":4},"end":{"line":18,"column":5}},"5":{"start":{"line":17,"column":8},"end":{"line":17,"column":58}},"6":{"start":{"line":20,"column":19},"end":{"line":20,"column":57}},"7":{"start":{"line":21,"column":4},"end":{"line":21,"column":34}}},"fnMap":{"0":{"name":"hashLenCommand","decl":{"start":{"line":8,"column":16},"end":{"line":8,"column":30}},"loc":{"start":{"line":8,"column":56},"end":{"line":22,"column":1}},"line":8}},"branchMap":{"0":{"loc":{"start":{"line":9,"column":4},"end":{"line":11,"column":5}},"type":"if","locations":[{"start":{"line":9,"column":4},"end":{"line":11,"column":5}},{"start":{},"end":{}}],"line":9},"1":{"loc":{"start":{"line":13,"column":25},"end":{"line":13,"column":49}},"type":"binary-expr","locations":[{"start":{"line":13,"column":25},"end":{"line":13,"column":43}},{"start":{"line":13,"column":47},"end":{"line":13,"column":49}}],"line":13},"2":{"loc":{"start":{"line":14,"column":33},"end":{"line":14,"column":65}},"type":"binary-expr","locations":[{"start":{"line":14,"column":33},"end":{"line":14,"column":59}},{"start":{"line":14,"column":63},"end":{"line":14,"column":65}}],"line":14},"3":{"loc":{"start":{"line":16,"column":4},"end":{"line":18,"column":5}},"type":"if","locations":[{"start":{"line":16,"column":4},"end":{"line":18,"column":5}},{"start":{},"end":{}}],"line":16}},"s":{"0":4,"1":1,"2":3,"3":3,"4":3,"5":1,"6":2,"7":2},"f":{"0":4},"b":{"0":[1,3],"1":[3,1],"2":[3,1],"3":[1,2]},"_coverageSchema":"1a1c01bbd47fc00a2c39e90264f33305004495a9","hash":"b62c3808f7ff2981843ceac503f71190d6ceb50b"}
,"/workspaces/in-memory/src/commands/hashes/h-set.js": {"path":"/workspaces/in-memory/src/commands/hashes/h-set.js","statementMap":{"0":{"start":{"line":9,"column":4},"end":{"line":11,"column":5}},"1":{"start":{"line":10,"column":8},"end":{"line":10,"column":56}},"2":{"start":{"line":12,"column":4},"end":{"line":14,"column":5}},"3":{"start":{"line":13,"column":8},"end":{"line":13,"column":58}},"4":{"start":{"line":16,"column":4},"end":{"line":16,"column":50}},"5":{"start":{"line":17,"column":4},"end":{"line":17,"column":66}},"6":{"start":{"line":19,"column":4},"end":{"line":21,"column":5}},"7":{"start":{"line":20,"column":8},"end":{"line":20,"column":58}},"8":{"start":{"line":23,"column":4},"end":{"line":23,"column":54}},"9":{"start":{"line":24,"column":4},"end":{"line":24,"column":32}}},"fnMap":{"0":{"name":"hashSetCommand","decl":{"start":{"line":8,"column":16},"end":{"line":8,"column":30}},"loc":{"start":{"line":8,"column":70},"end":{"line":25,"column":1}},"line":8}},"branchMap":{"0":{"loc":{"start":{"line":9,"column":4},"end":{"line":11,"column":5}},"type":"if","locations":[{"start":{"line":9,"column":4},"end":{"line":11,"column":5}},{"start":{},"end":{}}],"line":9},"1":{"loc":{"start":{"line":12,"column":4},"end":{"line":14,"column":5}},"type":"if","locations":[{"start":{"line":12,"column":4},"end":{"line":14,"column":5}},{"start":{},"end":{}}],"line":12},"2":{"loc":{"start":{"line":16,"column":25},"end":{"line":16,"column":49}},"type":"binary-expr","locations":[{"start":{"line":16,"column":25},"end":{"line":16,"column":43}},{"start":{"line":16,"column":47},"end":{"line":16,"column":49}}],"line":16},"3":{"loc":{"start":{"line":17,"column":33},"end":{"line":17,"column":65}},"type":"binary-expr","locations":[{"start":{"line":17,"column":33},"end":{"line":17,"column":59}},{"start":{"line":17,"column":63},"end":{"line":17,"column":65}}],"line":17},"4":{"loc":{"start":{"line":19,"column":4},"end":{"line":21,"column":5}},"type":"if","locations":[{"start":{"line":19,"column":4},"end":{"line":21,"column":5}},{"start":{},"end":{}}],"line":19}},"s":{"0":5,"1":1,"2":4,"3":1,"4":3,"5":3,"6":3,"7":1,"8":3,"9":3},"f":{"0":5},"b":{"0":[1,4],"1":[1,3],"2":[3,1],"3":[3,1],"4":[1,2]},"_coverageSchema":"1a1c01bbd47fc00a2c39e90264f33305004495a9","hash":"2c09fc726c8b94c9c379de6646673af06ac3a6f0"}
,"/workspaces/in-memory/src/commands/strings/str-append.js": {"path":"/workspaces/in-memory/src/commands/strings/str-append.js","statementMap":{"0":{"start":{"line":8,"column":4},"end":{"line":10,"column":5}},"1":{"start":{"line":9,"column":8},"end":{"line":9,"column":55}},"2":{"start":{"line":11,"column":4},"end":{"line":13,"column":5}},"3":{"start":{"line":12,"column":8},"end":{"line":12,"column":57}},"4":{"start":{"line":15,"column":4},"end":{"line":15,"column":49}},"5":{"start":{"line":16,"column":4},"end":{"line":16,"column":77}},"6":{"start":{"line":17,"column":4},"end":{"line":17,"column":87}},"7":{"start":{"line":19,"column":21},"end":{"line":19,"column":58}},"8":{"start":{"line":20,"column":17},"end":{"line":20,"column":38}},"9":{"start":{"line":21,"column":4},"end":{"line":21,"column":48}},"10":{"start":{"line":23,"column":4},"end":{"line":23,"column":38}}},"fnMap":{"0":{"name":"appendCommand","decl":{"start":{"line":7,"column":16},"end":{"line":7,"column":29}},"loc":{"start":{"line":7,"column":62},"end":{"line":24,"column":1}},"line":7}},"branchMap":{"0":{"loc":{"start":{"line":8,"column":4},"end":{"line":10,"column":5}},"type":"if","locations":[{"start":{"line":8,"column":4},"end":{"line":10,"column":5}},{"start":{},"end":{}}],"line":8},"1":{"loc":{"start":{"line":8,"column":8},"end":{"line":8,"column":64}},"type":"binary-expr","locations":[{"start":{"line":8,"column":8},"end":{"line":8,"column":29}},{"start":{"line":8,"column":33},"end":{"line":8,"column":64}}],"line":8},"2":{"loc":{"start":{"line":11,"column":4},"end":{"line":13,"column":5}},"type":"if","locations":[{"start":{"line":11,"column":4},"end":{"line":13,"column":5}},{"start":{},"end":{}}],"line":11},"3":{"loc":{"start":{"line":11,"column":8},"end":{"line":11,"column":68}},"type":"binary-expr","locations":[{"start":{"line":11,"column":8},"end":{"line":11,"column":31}},{"start":{"line":11,"column":35},"end":{"line":11,"column":68}}],"line":11},"4":{"loc":{"start":{"line":15,"column":25},"end":{"line":15,"column":49}},"type":"binary-expr","locations":[{"start":{"line":15,"column":25},"end":{"line":15,"column":43}},{"start":{"line":15,"column":47},"end":{"line":15,"column":49}}],"line":15},"5":{"loc":{"start":{"line":16,"column":39},"end":{"line":16,"column":77}},"type":"binary-expr","locations":[{"start":{"line":16,"column":39},"end":{"line":16,"column":71}},{"start":{"line":16,"column":75},"end":{"line":16,"column":77}}],"line":16},"6":{"loc":{"start":{"line":17,"column":44},"end":{"line":17,"column":87}},"type":"binary-expr","locations":[{"start":{"line":17,"column":44},"end":{"line":17,"column":81}},{"start":{"line":17,"column":85},"end":{"line":17,"column":87}}],"line":17}},"s":{"0":4,"1":1,"2":3,"3":1,"4":2,"5":2,"6":2,"7":2,"8":2,"9":2,"10":2},"f":{"0":4},"b":{"0":[1,3],"1":[4,3],"2":[1,2],"3":[3,2],"4":[2,0],"5":[2,0],"6":[2,1]},"_coverageSchema":"1a1c01bbd47fc00a2c39e90264f33305004495a9","hash":"5f5e1682c04e88a792af63e8e253a3c3c24844b9"}
,"/workspaces/in-memory/src/data-structures/bloom-filter.js": {"path":"/workspaces/in-memory/src/data-structures/bloom-filter.js","statementMap":{"0":{"start":{"line":1,"column":15},"end":{"line":1,"column":31}},"1":{"start":{"line":2,"column":15},"end":{"line":2,"column":31}},"2":{"start":{"line":3,"column":15},"end":{"line":3,"column":31}},"3":{"start":{"line":4,"column":13},"end":{"line":4,"column":17}},"4":{"start":{"line":11,"column":8},"end":{"line":11,"column":49}},"5":{"start":{"line":12,"column":8},"end":{"line":12,"column":73}},"6":{"start":{"line":16,"column":19},"end":{"line":16,"column":20}},"7":{"start":{"line":17,"column":8},"end":{"line":20,"column":9}},"8":{"start":{"line":17,"column":21},"end":{"line":17,"column":22}},"9":{"start":{"line":18,"column":12},"end":{"line":18,"column":60}},"10":{"start":{"line":19,"column":12},"end":{"line":19,"column":22}},"11":{"start":{"line":21,"column":8},"end":{"line":21,"column":27}},"12":{"start":{"line":25,"column":19},"end":{"line":25,"column":23}},"13":{"start":{"line":26,"column":16},"end":{"line":26,"column":28}},"14":{"start":{"line":27,"column":8},"end":{"line":29,"column":9}},"15":{"start":{"line":28,"column":12},"end":{"line":28,"column":55}},"16":{"start":{"line":30,"column":8},"end":{"line":30,"column":35}},"17":{"start":{"line":34,"column":19},"end":{"line":34,"column":20}},"18":{"start":{"line":35,"column":8},"end":{"line":38,"column":9}},"19":{"start":{"line":35,"column":21},"end":{"line":35,"column":22}},"20":{"start":{"line":36,"column":12},"end":{"line":36,"column":62}},"21":{"start":{"line":37,"column":12},"end":{"line":37,"column":22}},"22":{"start":{"line":39,"column":8},"end":{"line":39,"column":27}},"23":{"start":{"line":43,"column":8},"end":{"line":46,"column":9}},"24":{"start":{"line":44,"column":26},"end":{"line":44,"column":45}},"25":{"start":{"line":45,"column":12},"end":{"line":45,"column":38}},"26":{"start":{"line":50,"column":8},"end":{"line":55,"column":9}},"27":{"start":{"line":51,"column":26},"end":{"line":51,"column":45}},"28":{"start":{"line":52,"column":12},"end":{"line":54,"column":13}},"29":{"start":{"line":53,"column":16},"end":{"line":53,"column":29}},"30":{"start":{"line":56,"column":8},"end":{"line":56,"column":20}}},"fnMap":{"0":{"name":"(anonymous_0)","decl":{"start":{"line":10,"column":4},"end":{"line":10,"column":5}},"loc":{"start":{"line":10,"column":18},"end":{"line":13,"column":5}},"line":10},"1":{"name":"(anonymous_1)","decl":{"start":{"line":15,"column":4},"end":{"line":15,"column":5}},"loc":{"start":{"line":15,"column":20},"end":{"line":22,"column":5}},"line":15},"2":{"name":"(anonymous_2)","decl":{"start":{"line":24,"column":4},"end":{"line":24,"column":5}},"loc":{"start":{"line":24,"column":20},"end":{"line":31,"column":5}},"line":24},"3":{"name":"(anonymous_3)","decl":{"start":{"line":33,"column":4},"end":{"line":33,"column":5}},"loc":{"start":{"line":33,"column":20},"end":{"line":40,"column":5}},"line":33},"4":{"name":"(anonymous_4)","decl":{"start":{"line":42,"column":4},"end":{"line":42,"column":5}},"loc":{"start":{"line":42,"column":15},"end":{"line":47,"column":5}},"line":42},"5":{"name":"(anonymous_5)","decl":{"start":{"line":49,"column":4},"end":{"line":49,"column":5}},"loc":{"start":{"line":49,"column":24},"end":{"line":57,"column":5}},"line":49}},"branchMap":{"0":{"loc":{"start":{"line":52,"column":12},"end":{"line":54,"column":13}},"type":"if","locations":[{"start":{"line":52,"column":12},"end":{"line":54,"column":13}},{"start":{},"end":{}}],"line":52}},"s":{"0":3,"1":3,"2":3,"3":3,"4":4,"5":4,"6":10,"7":10,"8":10,"9":57,"10":57,"11":10,"12":9,"13":9,"14":9,"15":52,"16":9,"17":8,"18":8,"19":8,"20":44,"21":44,"22":8,"23":4,"24":12,"25":12,"26":6,"27":15,"28":15,"29":2,"30":4},"f":{"0":4,"1":10,"2":9,"3":8,"4":4,"5":6},"b":{"0":[2,13]},"_coverageSchema":"1a1c01bbd47fc00a2c39e90264f33305004495a9","hash":"b2cb3315b1a69335cac722f8e93d4df8cf262690"}
,"/workspaces/in-memory/src/data-structures/custom-set.js": {"path":"/workspaces/in-memory/src/data-structures/custom-set.js","statementMap":{"0":{"start":{"line":3,"column":8},"end":{"line":3,"column":19}}},"fnMap":{"0":{"name":"(anonymous_0)","decl":{"start":{"line":2,"column":4},"end":{"line":2,"column":5}},"loc":{"start":{"line":2,"column":27},"end":{"line":4,"column":5}},"line":2}},"branchMap":{"0":{"loc":{"start":{"line":2,"column":16},"end":{"line":2,"column":25}},"type":"default-arg","locations":[{"start":{"line":2,"column":23},"end":{"line":2,"column":25}}],"line":2}},"s":{"0":4},"f":{"0":4},"b":{"0":[2]},"_coverageSchema":"1a1c01bbd47fc00a2c39e90264f33305004495a9","hash":"c0deb9b295fdc57111e2040c9fdb2bc6813d10da"}
,"/workspaces/in-memory/src/data-structures/hash-table.js": {"path":"/workspaces/in-memory/src/data-structures/hash-table.js","statementMap":{"0":{"start":{"line":4,"column":18},"end":{"line":4,"column":37}},"1":{"start":{"line":5,"column":35},"end":{"line":5,"column":71}},"2":{"start":{"line":11,"column":8},"end":{"line":11,"column":24}},"3":{"start":{"line":15,"column":26},"end":{"line":15,"column":52}},"4":{"start":{"line":16,"column":8},"end":{"line":18,"column":9}},"5":{"start":{"line":17,"column":12},"end":{"line":17,"column":50}},"6":{"start":{"line":20,"column":27},"end":{"line":20,"column":93}},"7":{"start":{"line":21,"column":8},"end":{"line":21,"column":70}},"8":{"start":{"line":23,"column":8},"end":{"line":23,"column":85}},"9":{"start":{"line":23,"column":36},"end":{"line":23,"column":85}},"10":{"start":{"line":27,"column":26},"end":{"line":27,"column":52}},"11":{"start":{"line":28,"column":8},"end":{"line":28,"column":52}},"12":{"start":{"line":28,"column":41},"end":{"line":28,"column":52}},"13":{"start":{"line":29,"column":31},"end":{"line":29,"column":68}},"14":{"start":{"line":30,"column":8},"end":{"line":30,"column":42}},"15":{"start":{"line":30,"column":30},"end":{"line":30,"column":42}},"16":{"start":{"line":31,"column":8},"end":{"line":31,"column":24}},"17":{"start":{"line":32,"column":8},"end":{"line":32,"column":19}},"18":{"start":{"line":36,"column":8},"end":{"line":36,"column":24}},"19":{"start":{"line":40,"column":26},"end":{"line":40,"column":52}},"20":{"start":{"line":41,"column":8},"end":{"line":41,"column":81}},"21":{"start":{"line":45,"column":8},"end":{"line":45,"column":95}},"22":{"start":{"line":49,"column":26},"end":{"line":49,"column":52}},"23":{"start":{"line":50,"column":8},"end":{"line":50,"column":47}},"24":{"start":{"line":50,"column":41},"end":{"line":50,"column":47}},"25":{"start":{"line":51,"column":8},"end":{"line":51,"column":42}},"26":{"start":{"line":52,"column":8},"end":{"line":52,"column":54}},"27":{"start":{"line":56,"column":8},"end":{"line":56,"column":46}},"28":{"start":{"line":60,"column":21},"end":{"line":60,"column":45}},"29":{"start":{"line":61,"column":8},"end":{"line":61,"column":103}},"30":{"start":{"line":61,"column":32},"end":{"line":61,"column":103}},"31":{"start":{"line":61,"column":65},"end":{"line":61,"column":102}},"32":{"start":{"line":65,"column":22},"end":{"line":65,"column":24}},"33":{"start":{"line":66,"column":21},"end":{"line":66,"column":45}},"34":{"start":{"line":67,"column":8},"end":{"line":69,"column":9}},"35":{"start":{"line":68,"column":12},"end":{"line":68,"column":99}},"36":{"start":{"line":68,"column":45},"end":{"line":68,"column":98}},"37":{"start":{"line":70,"column":8},"end":{"line":70,"column":20}},"38":{"start":{"line":74,"column":8},"end":{"line":74,"column":51}},"39":{"start":{"line":74,"column":27},"end":{"line":74,"column":43}}},"fnMap":{"0":{"name":"(anonymous_0)","decl":{"start":{"line":10,"column":4},"end":{"line":10,"column":5}},"loc":{"start":{"line":10,"column":18},"end":{"line":12,"column":5}},"line":10},"1":{"name":"(anonymous_1)","decl":{"start":{"line":14,"column":4},"end":{"line":14,"column":5}},"loc":{"start":{"line":14,"column":36},"end":{"line":24,"column":5}},"line":14},"2":{"name":"(anonymous_2)","decl":{"start":{"line":26,"column":4},"end":{"line":26,"column":5}},"loc":{"start":{"line":26,"column":13},"end":{"line":33,"column":5}},"line":26},"3":{"name":"(anonymous_3)","decl":{"start":{"line":35,"column":4},"end":{"line":35,"column":5}},"loc":{"start":{"line":35,"column":15},"end":{"line":37,"column":5}},"line":35},"4":{"name":"(anonymous_4)","decl":{"start":{"line":39,"column":4},"end":{"line":39,"column":5}},"loc":{"start":{"line":39,"column":13},"end":{"line":42,"column":5}},"line":39},"5":{"name":"(anonymous_5)","decl":{"start":{"line":44,"column":4},"end":{"line":44,"column":5}},"loc":{"start":{"line":44,"column":27},"end":{"line":46,"column":5}},"line":44},"6":{"name":"(anonymous_6)","decl":{"start":{"line":48,"column":4},"end":{"line":48,"column":5}},"loc":{"start":{"line":48,"column":16},"end":{"line":53,"column":5}},"line":48},"7":{"name":"(anonymous_7)","decl":{"start":{"line":55,"column":4},"end":{"line":55,"column":5}},"loc":{"start":{"line":55,"column":11},"end":{"line":57,"column":5}},"line":55},"8":{"name":"(anonymous_8)","decl":{"start":{"line":59,"column":4},"end":{"line":59,"column":5}},"loc":{"start":{"line":59,"column":24},"end":{"line":62,"column":5}},"line":59},"9":{"name":"(anonymous_9)","decl":{"start":{"line":61,"column":57},"end":{"line":61,"column":58}},"loc":{"start":{"line":61,"column":65},"end":{"line":61,"column":102}},"line":61},"10":{"name":"(anonymous_10)","decl":{"start":{"line":64,"column":4},"end":{"line":64,"column":5}},"loc":{"start":{"line":64,"column":14},"end":{"line":71,"column":5}},"line":64},"11":{"name":"(anonymous_11)","decl":{"start":{"line":68,"column":37},"end":{"line":68,"column":38}},"loc":{"start":{"line":68,"column":45},"end":{"line":68,"column":98}},"line":68},"12":{"name":"(anonymous_12)","decl":{"start":{"line":73,"column":4},"end":{"line":73,"column":5}},"loc":{"start":{"line":73,"column":43},"end":{"line":75,"column":5}},"line":73},"13":{"name":"(anonymous_13)","decl":{"start":{"line":74,"column":19},"end":{"line":74,"column":20}},"loc":{"start":{"line":74,"column":25},"end":{"line":74,"column":45}},"line":74}},"branchMap":{"0":{"loc":{"start":{"line":14,"column":20},"end":{"line":14,"column":34}},"type":"default-arg","locations":[{"start":{"line":14,"column":26},"end":{"line":14,"column":34}}],"line":14},"1":{"loc":{"start":{"line":16,"column":8},"end":{"line":18,"column":9}},"type":"if","locations":[{"start":{"line":16,"column":8},"end":{"line":18,"column":9}},{"start":{},"end":{}}],"line":16},"2":{"loc":{"start":{"line":16,"column":12},"end":{"line":16,"column":77}},"type":"binary-expr","locations":[{"start":{"line":16,"column":12},"end":{"line":16,"column":35}},{"start":{"line":16,"column":39},"end":{"line":16,"column":77}}],"line":16},"3":{"loc":{"start":{"line":20,"column":27},"end":{"line":20,"column":93}},"type":"cond-expr","locations":[{"start":{"line":20,"column":48},"end":{"line":20,"column":66}},{"start":{"line":20,"column":69},"end":{"line":20,"column":93}}],"line":20},"4":{"loc":{"start":{"line":23,"column":8},"end":{"line":23,"column":85}},"type":"if","locations":[{"start":{"line":23,"column":8},"end":{"line":23,"column":85}},{"start":{},"end":{}}],"line":23},"5":{"loc":{"start":{"line":28,"column":8},"end":{"line":28,"column":52}},"type":"if","locations":[{"start":{"line":28,"column":8},"end":{"line":28,"column":52}},{"start":{},"end":{}}],"line":28},"6":{"loc":{"start":{"line":30,"column":8},"end":{"line":30,"column":42}},"type":"if","locations":[{"start":{"line":30,"column":8},"end":{"line":30,"column":42}},{"start":{},"end":{}}],"line":30},"7":{"loc":{"start":{"line":41,"column":15},"end":{"line":41,"column":81}},"type":"binary-expr","locations":[{"start":{"line":41,"column":15},"end":{"line":41,"column":41}},{"start":{"line":41,"column":45},"end":{"line":41,"column":81}}],"line":41},"8":{"loc":{"start":{"line":45,"column":15},"end":{"line":45,"column":95}},"type":"binary-expr","locations":[{"start":{"line":45,"column":15},"end":{"line":45,"column":50}},{"start":{"line":45,"column":54},"end":{"line":45,"column":95}}],"line":45},"9":{"loc":{"start":{"line":50,"column":8},"end":{"line":50,"column":47}},"type":"if","locations":[{"start":{"line":50,"column":8},"end":{"line":50,"column":47}},{"start":{},"end":{}}],"line":50}},"s":{"0":11,"1":11,"2":26,"3":32,"4":32,"5":32,"6":32,"7":32,"8":32,"9":1,"10":10,"11":10,"12":4,"13":6,"14":6,"15":6,"16":0,"17":0,"18":2,"19":5,"20":5,"21":19,"22":4,"23":4,"24":1,"25":3,"26":3,"27":5,"28":0,"29":0,"30":0,"31":0,"32":10,"33":10,"34":10,"35":19,"36":19,"37":10,"38":1,"39":0},"f":{"0":26,"1":32,"2":10,"3":2,"4":5,"5":19,"6":4,"7":5,"8":0,"9":0,"10":10,"11":19,"12":1,"13":0},"b":{"0":[31],"1":[32,0],"2":[32,1],"3":[0,32],"4":[1,31],"5":[4,6],"6":[6,0],"7":[5,2],"8":[19,11],"9":[1,3]},"_coverageSchema":"1a1c01bbd47fc00a2c39e90264f33305004495a9","hash":"7d613c6b42d690a618584401f03cb394e62b15a2"}
,"/workspaces/in-memory/src/data-structures/linked-list.js": {"path":"/workspaces/in-memory/src/data-structures/linked-list.js","statementMap":{"0":{"start":{"line":3,"column":4},"end":{"line":3,"column":21}},"1":{"start":{"line":4,"column":4},"end":{"line":4,"column":23}},"2":{"start":{"line":5,"column":4},"end":{"line":5,"column":29}},"3":{"start":{"line":11,"column":4},"end":{"line":11,"column":17}},"4":{"start":{"line":12,"column":4},"end":{"line":12,"column":20}},"5":{"start":{"line":13,"column":4},"end":{"line":13,"column":20}},"6":{"start":{"line":17,"column":20},"end":{"line":17,"column":52}},"7":{"start":{"line":18,"column":4},"end":{"line":20,"column":5}},"8":{"start":{"line":19,"column":6},"end":{"line":19,"column":34}},"9":{"start":{"line":21,"column":4},"end":{"line":21,"column":23}},"10":{"start":{"line":22,"column":4},"end":{"line":22,"column":36}},"11":{"start":{"line":23,"column":4},"end":{"line":23,"column":15}},"12":{"start":{"line":27,"column":20},"end":{"line":27,"column":52}},"13":{"start":{"line":28,"column":4},"end":{"line":30,"column":5}},"14":{"start":{"line":29,"column":6},"end":{"line":29,"column":30}},"15":{"start":{"line":31,"column":4},"end":{"line":31,"column":23}},"16":{"start":{"line":32,"column":4},"end":{"line":32,"column":36}},"17":{"start":{"line":33,"column":4},"end":{"line":33,"column":15}},"18":{"start":{"line":37,"column":4},"end":{"line":40,"column":5}},"19":{"start":{"line":38,"column":6},"end":{"line":38,"column":32}},"20":{"start":{"line":39,"column":6},"end":{"line":39,"column":12}},"21":{"start":{"line":41,"column":4},"end":{"line":44,"column":5}},"22":{"start":{"line":42,"column":6},"end":{"line":42,"column":32}},"23":{"start":{"line":43,"column":6},"end":{"line":43,"column":12}},"24":{"start":{"line":45,"column":20},"end":{"line":45,"column":39}},"25":{"start":{"line":46,"column":4},"end":{"line":46,"column":24}},"26":{"start":{"line":46,"column":18},"end":{"line":46,"column":24}},"27":{"start":{"line":47,"column":4},"end":{"line":47,"column":28}},"28":{"start":{"line":51,"column":18},"end":{"line":51,"column":27}},"29":{"start":{"line":52,"column":4},"end":{"line":55,"column":5}},"30":{"start":{"line":53,"column":6},"end":{"line":53,"column":47}},"31":{"start":{"line":53,"column":33},"end":{"line":53,"column":47}},"32":{"start":{"line":54,"column":6},"end":{"line":54,"column":28}},"33":{"start":{"line":56,"column":4},"end":{"line":56,"column":15}},"34":{"start":{"line":61,"column":4},"end":{"line":67,"column":5}},"35":{"start":{"line":62,"column":19},"end":{"line":62,"column":34}},"36":{"start":{"line":63,"column":6},"end":{"line":63,"column":58}},"37":{"start":{"line":63,"column":38},"end":{"line":63,"column":58}},"38":{"start":{"line":64,"column":6},"end":{"line":64,"column":22}},"39":{"start":{"line":65,"column":6},"end":{"line":65,"column":17}},"40":{"start":{"line":66,"column":6},"end":{"line":66,"column":12}},"41":{"start":{"line":69,"column":4},"end":{"line":75,"column":5}},"42":{"start":{"line":70,"column":23},"end":{"line":70,"column":42}},"43":{"start":{"line":71,"column":6},"end":{"line":71,"column":26}},"44":{"start":{"line":72,"column":6},"end":{"line":72,"column":26}},"45":{"start":{"line":73,"column":6},"end":{"line":73,"column":17}},"46":{"start":{"line":74,"column":6},"end":{"line":74,"column":12}},"47":{"start":{"line":77,"column":20},"end":{"line":77,"column":35}},"48":{"start":{"line":78,"column":4},"end":{"line":78,"column":25}},"49":{"start":{"line":78,"column":18},"end":{"line":78,"column":25}},"50":{"start":{"line":80,"column":4},"end":{"line":80,"column":63}},"51":{"start":{"line":80,"column":26},"end":{"line":80,"column":63}},"52":{"start":{"line":81,"column":4},"end":{"line":81,"column":63}},"53":{"start":{"line":81,"column":22},"end":{"line":81,"column":63}},"54":{"start":{"line":82,"column":4},"end":{"line":82,"column":23}},"55":{"start":{"line":83,"column":4},"end":{"line":83,"column":27}},"56":{"start":{"line":85,"column":4},"end":{"line":85,"column":15}},"57":{"start":{"line":89,"column":22},"end":{"line":89,"column":31}},"58":{"start":{"line":90,"column":4},"end":{"line":93,"column":5}},"59":{"start":{"line":91,"column":6},"end":{"line":91,"column":35}},"60":{"start":{"line":92,"column":6},"end":{"line":92,"column":37}}},"fnMap":{"0":{"name":"(anonymous_0)","decl":{"start":{"line":2,"column":2},"end":{"line":2,"column":3}},"loc":{"start":{"line":2,"column":37},"end":{"line":6,"column":3}},"line":2},"1":{"name":"(anonymous_1)","decl":{"start":{"line":10,"column":2},"end":{"line":10,"column":3}},"loc":{"start":{"line":10,"column":16},"end":{"line":14,"column":3}},"line":10},"2":{"name":"(anonymous_2)","decl":{"start":{"line":16,"column":2},"end":{"line":16,"column":3}},"loc":{"start":{"line":16,"column":17},"end":{"line":24,"column":3}},"line":16},"3":{"name":"(anonymous_3)","decl":{"start":{"line":26,"column":2},"end":{"line":26,"column":3}},"loc":{"start":{"line":26,"column":16},"end":{"line":34,"column":3}},"line":26},"4":{"name":"(anonymous_4)","decl":{"start":{"line":36,"column":2},"end":{"line":36,"column":3}},"loc":{"start":{"line":36,"column":29},"end":{"line":48,"column":3}},"line":36},"5":{"name":"(anonymous_5)","decl":{"start":{"line":50,"column":2},"end":{"line":50,"column":3}},"loc":{"start":{"line":50,"column":13},"end":{"line":57,"column":3}},"line":50},"6":{"name":"(anonymous_6)","decl":{"start":{"line":59,"column":2},"end":{"line":59,"column":3}},"loc":{"start":{"line":59,"column":15},"end":{"line":86,"column":3}},"line":59},"7":{"name":"(anonymous_7)","decl":{"start":{"line":88,"column":2},"end":{"line":88,"column":3}},"loc":{"start":{"line":88,"column":22},"end":{"line":94,"column":3}},"line":88}},"branchMap":{"0":{"loc":{"start":{"line":18,"column":4},"end":{"line":20,"column":5}},"type":"if","locations":[{"start":{"line":18,"column":4},"end":{"line":20,"column":5}},{"start":{},"end":{}}],"line":18},"1":{"loc":{"start":{"line":22,"column":16},"end":{"line":22,"column":36}},"type":"binary-expr","locations":[{"start":{"line":22,"column":16},"end":{"line":22,"column":25}},{"start":{"line":22,"column":29},"end":{"line":22,"column":36}}],"line":22},"2":{"loc":{"start":{"line":28,"column":4},"end":{"line":30,"column":5}},"type":"if","locations":[{"start":{"line":28,"column":4},"end":{"line":30,"column":5}},{"start":{},"end":{}}],"line":28},"3":{"loc":{"start":{"line":32,"column":16},"end":{"line":32,"column":36}},"type":"binary-expr","locations":[{"start":{"line":32,"column":16},"end":{"line":32,"column":25}},{"start":{"line":32,"column":29},"end":{"line":32,"column":36}}],"line":32},"4":{"loc":{"start":{"line":37,"column":4},"end":{"line":40,"column":5}},"type":"if","locations":[{"start":{"line":37,"column":4},"end":{"line":40,"column":5}},{"start":{},"end":{}}],"line":37},"5":{"loc":{"start":{"line":41,"column":4},"end":{"line":44,"column":5}},"type":"if","locations":[{"start":{"line":41,"column":4},"end":{"line":44,"column":5}},{"start":{},"end":{}}],"line":41},"6":{"loc":{"start":{"line":46,"column":4},"end":{"line":46,"column":24}},"type":"if","locations":[{"start":{"line":46,"column":4},"end":{"line":46,"column":24}},{"start":{},"end":{}}],"line":46},"7":{"loc":{"start":{"line":53,"column":6},"end":{"line":53,"column":47}},"type":"if","locations":[{"start":{"line":53,"column":6},"end":{"line":53,"column":47}},{"start":{},"end":{}}],"line":53},"8":{"loc":{"start":{"line":61,"column":4},"end":{"line":67,"column":5}},"type":"if","locations":[{"start":{"line":61,"column":4},"end":{"line":67,"column":5}},{"start":{},"end":{}}],"line":61},"9":{"loc":{"start":{"line":63,"column":6},"end":{"line":63,"column":58}},"type":"if","locations":[{"start":{"line":63,"column":6},"end":{"line":63,"column":58}},{"start":{},"end":{}}],"line":63},"10":{"loc":{"start":{"line":63,"column":10},"end":{"line":63,"column":36}},"type":"binary-expr","locations":[{"start":{"line":63,"column":10},"end":{"line":63,"column":14}},{"start":{"line":63,"column":18},"end":{"line":63,"column":36}}],"line":63},"11":{"loc":{"start":{"line":69,"column":4},"end":{"line":75,"column":5}},"type":"if","locations":[{"start":{"line":69,"column":4},"end":{"line":75,"column":5}},{"start":{},"end":{}}],"line":69},"12":{"loc":{"start":{"line":78,"column":4},"end":{"line":78,"column":25}},"type":"if","locations":[{"start":{"line":78,"column":4},"end":{"line":78,"column":25}},{"start":{},"end":{}}],"line":78},"13":{"loc":{"start":{"line":80,"column":4},"end":{"line":80,"column":63}},"type":"if","locations":[{"start":{"line":80,"column":4},"end":{"line":80,"column":63}},{"start":{},"end":{}}],"line":80},"14":{"loc":{"start":{"line":81,"column":4},"end":{"line":81,"column":63}},"type":"if","locations":[{"start":{"line":81,"column":4},"end":{"line":81,"column":63}},{"start":{},"end":{}}],"line":81}},"s":{"0":62,"1":62,"2":62,"3":31,"4":31,"5":31,"6":24,"7":24,"8":14,"9":24,"10":24,"11":24,"12":38,"13":38,"14":24,"15":38,"16":38,"17":38,"18":4,"19":1,"20":1,"21":3,"22":1,"23":1,"24":2,"25":2,"26":1,"27":1,"28":16,"29":16,"30":43,"31":10,"32":33,"33":6,"34":10,"35":7,"36":7,"37":5,"38":7,"39":7,"40":7,"41":3,"42":1,"43":1,"44":1,"45":1,"46":1,"47":2,"48":2,"49":0,"50":2,"51":2,"52":2,"53":2,"54":2,"55":2,"56":2,"57":27,"58":27,"59":49,"60":49},"f":{"0":62,"1":31,"2":24,"3":38,"4":4,"5":16,"6":10,"7":27},"b":{"0":[14,10],"1":[24,10],"2":[24,14],"3":[38,14],"4":[1,3],"5":[1,2],"6":[1,1],"7":[10,33],"8":[7,3],"9":[5,2],"10":[7,5],"11":[1,2],"12":[0,2],"13":[2,0],"14":[2,0]},"_coverageSchema":"1a1c01bbd47fc00a2c39e90264f33305004495a9","hash":"674ba91d6241b46bc613fe09a4a803df523cd9f4"}
,"/workspaces/in-memory/src/data-structures/list.js": {"path":"/workspaces/in-memory/src/data-structures/list.js","statementMap":{"0":{"start":{"line":5,"column":8},"end":{"line":5,"column":23}},"1":{"start":{"line":9,"column":8},"end":{"line":9,"column":30}},"2":{"start":{"line":10,"column":8},"end":{"line":10,"column":40}},"3":{"start":{"line":14,"column":8},"end":{"line":14,"column":62}},"4":{"start":{"line":18,"column":8},"end":{"line":18,"column":49}},"5":{"start":{"line":18,"column":38},"end":{"line":18,"column":48}},"6":{"start":{"line":22,"column":8},"end":{"line":22,"column":49}},"7":{"start":{"line":22,"column":38},"end":{"line":22,"column":48}},"8":{"start":{"line":26,"column":8},"end":{"line":26,"column":25}},"9":{"start":{"line":30,"column":8},"end":{"line":30,"column":31}},"10":{"start":{"line":34,"column":8},"end":{"line":34,"column":61}},"11":{"start":{"line":38,"column":8},"end":{"line":38,"column":33}},"12":{"start":{"line":42,"column":8},"end":{"line":42,"column":32}},"13":{"start":{"line":46,"column":8},"end":{"line":46,"column":32}}},"fnMap":{"0":{"name":"(anonymous_0)","decl":{"start":{"line":4,"column":4},"end":{"line":4,"column":5}},"loc":{"start":{"line":4,"column":18},"end":{"line":6,"column":5}},"line":4},"1":{"name":"(anonymous_1)","decl":{"start":{"line":8,"column":4},"end":{"line":8,"column":5}},"loc":{"start":{"line":8,"column":15},"end":{"line":11,"column":5}},"line":8},"2":{"name":"(anonymous_2)","decl":{"start":{"line":13,"column":4},"end":{"line":13,"column":5}},"loc":{"start":{"line":13,"column":18},"end":{"line":15,"column":5}},"line":13},"3":{"name":"(anonymous_3)","decl":{"start":{"line":17,"column":4},"end":{"line":17,"column":5}},"loc":{"start":{"line":17,"column":16},"end":{"line":19,"column":5}},"line":17},"4":{"name":"(anonymous_4)","decl":{"start":{"line":18,"column":31},"end":{"line":18,"column":32}},"loc":{"start":{"line":18,"column":38},"end":{"line":18,"column":48}},"line":18},"5":{"name":"(anonymous_5)","decl":{"start":{"line":21,"column":4},"end":{"line":21,"column":5}},"loc":{"start":{"line":21,"column":15},"end":{"line":23,"column":5}},"line":21},"6":{"name":"(anonymous_6)","decl":{"start":{"line":22,"column":31},"end":{"line":22,"column":32}},"loc":{"start":{"line":22,"column":38},"end":{"line":22,"column":48}},"line":22},"7":{"name":"(anonymous_7)","decl":{"start":{"line":25,"column":4},"end":{"line":25,"column":5}},"loc":{"start":{"line":25,"column":10},"end":{"line":27,"column":5}},"line":25},"8":{"name":"(anonymous_8)","decl":{"start":{"line":29,"column":4},"end":{"line":29,"column":5}},"loc":{"start":{"line":29,"column":10},"end":{"line":31,"column":5}},"line":29},"9":{"name":"(anonymous_9)","decl":{"start":{"line":33,"column":4},"end":{"line":33,"column":5}},"loc":{"start":{"line":33,"column":23},"end":{"line":35,"column":5}},"line":33},"10":{"name":"(anonymous_10)","decl":{"start":{"line":37,"column":4},"end":{"line":37,"column":5}},"loc":{"start":{"line":37,"column":35},"end":{"line":39,"column":5}},"line":37},"11":{"name":"(anonymous_11)","decl":{"start":{"line":41,"column":4},"end":{"line":41,"column":5}},"loc":{"start":{"line":41,"column":17},"end":{"line":43,"column":5}},"line":41},"12":{"name":"(anonymous_12)","decl":{"start":{"line":45,"column":4},"end":{"line":45,"column":5}},"loc":{"start":{"line":45,"column":15},"end":{"line":47,"column":5}},"line":45}},"branchMap":{},"s":{"0":11,"1":23,"2":23,"3":3,"4":2,"5":3,"6":2,"7":3,"8":10,"9":0,"10":0,"11":0,"12":0,"13":8},"f":{"0":11,"1":23,"2":3,"3":2,"4":3,"5":2,"6":3,"7":10,"8":0,"9":0,"10":0,"11":0,"12":8},"b":{},"_coverageSchema":"1a1c01bbd47fc00a2c39e90264f33305004495a9","hash":"b03500b810e5452becc68fafbd59fac93b3ecf89"}
,"/workspaces/in-memory/src/data-structures/queue.js": {"path":"/workspaces/in-memory/src/data-structures/queue.js","statementMap":{"0":{"start":{"line":7,"column":4},"end":{"line":7,"column":33}},"1":{"start":{"line":11,"column":4},"end":{"line":11,"column":28}},"2":{"start":{"line":15,"column":18},"end":{"line":15,"column":40}},"3":{"start":{"line":16,"column":4},"end":{"line":16,"column":28}},"4":{"start":{"line":17,"column":4},"end":{"line":17,"column":16}},"5":{"start":{"line":21,"column":4},"end":{"line":21,"column":33}},"6":{"start":{"line":25,"column":4},"end":{"line":25,"column":26}},"7":{"start":{"line":29,"column":18},"end":{"line":29,"column":20}},"8":{"start":{"line":30,"column":4},"end":{"line":30,"column":50}},"9":{"start":{"line":30,"column":32},"end":{"line":30,"column":49}},"10":{"start":{"line":31,"column":4},"end":{"line":31,"column":16}}},"fnMap":{"0":{"name":"(anonymous_0)","decl":{"start":{"line":6,"column":2},"end":{"line":6,"column":3}},"loc":{"start":{"line":6,"column":16},"end":{"line":8,"column":3}},"line":6},"1":{"name":"(anonymous_1)","decl":{"start":{"line":10,"column":2},"end":{"line":10,"column":3}},"loc":{"start":{"line":10,"column":17},"end":{"line":12,"column":3}},"line":10},"2":{"name":"(anonymous_2)","decl":{"start":{"line":14,"column":2},"end":{"line":14,"column":3}},"loc":{"start":{"line":14,"column":12},"end":{"line":18,"column":3}},"line":14},"3":{"name":"(anonymous_3)","decl":{"start":{"line":20,"column":2},"end":{"line":20,"column":3}},"loc":{"start":{"line":20,"column":10},"end":{"line":22,"column":3}},"line":20},"4":{"name":"(anonymous_4)","decl":{"start":{"line":24,"column":2},"end":{"line":24,"column":3}},"loc":{"start":{"line":24,"column":13},"end":{"line":26,"column":3}},"line":24},"5":{"name":"(anonymous_5)","decl":{"start":{"line":28,"column":2},"end":{"line":28,"column":3}},"loc":{"start":{"line":28,"column":12},"end":{"line":32,"column":3}},"line":28},"6":{"name":"(anonymous_6)","decl":{"start":{"line":30,"column":23},"end":{"line":30,"column":24}},"loc":{"start":{"line":30,"column":32},"end":{"line":30,"column":49}},"line":30}},"branchMap":{},"s":{"0":11,"1":22,"2":3,"3":3,"4":3,"5":1,"6":11,"7":10,"8":10,"9":15,"10":10},"f":{"0":11,"1":22,"2":3,"3":1,"4":11,"5":10,"6":15},"b":{},"_coverageSchema":"1a1c01bbd47fc00a2c39e90264f33305004495a9","hash":"89be5da56101df99bc886b110b7913b30533c004"}
,"/workspaces/in-memory/src/data-structures/stack.js": {"path":"/workspaces/in-memory/src/data-structures/stack.js","statementMap":{"0":{"start":{"line":7,"column":4},"end":{"line":7,"column":33}},"1":{"start":{"line":11,"column":4},"end":{"line":11,"column":29}},"2":{"start":{"line":15,"column":18},"end":{"line":15,"column":40}},"3":{"start":{"line":16,"column":4},"end":{"line":16,"column":28}},"4":{"start":{"line":17,"column":4},"end":{"line":17,"column":16}},"5":{"start":{"line":21,"column":4},"end":{"line":21,"column":33}},"6":{"start":{"line":25,"column":4},"end":{"line":25,"column":26}},"7":{"start":{"line":29,"column":18},"end":{"line":29,"column":20}},"8":{"start":{"line":30,"column":4},"end":{"line":30,"column":50}},"9":{"start":{"line":30,"column":32},"end":{"line":30,"column":49}},"10":{"start":{"line":31,"column":4},"end":{"line":31,"column":16}}},"fnMap":{"0":{"name":"(anonymous_0)","decl":{"start":{"line":6,"column":2},"end":{"line":6,"column":3}},"loc":{"start":{"line":6,"column":16},"end":{"line":8,"column":3}},"line":6},"1":{"name":"(anonymous_1)","decl":{"start":{"line":10,"column":2},"end":{"line":10,"column":3}},"loc":{"start":{"line":10,"column":13},"end":{"line":12,"column":3}},"line":10},"2":{"name":"(anonymous_2)","decl":{"start":{"line":14,"column":2},"end":{"line":14,"column":3}},"loc":{"start":{"line":14,"column":8},"end":{"line":18,"column":3}},"line":14},"3":{"name":"(anonymous_3)","decl":{"start":{"line":20,"column":2},"end":{"line":20,"column":3}},"loc":{"start":{"line":20,"column":10},"end":{"line":22,"column":3}},"line":20},"4":{"name":"(anonymous_4)","decl":{"start":{"line":24,"column":2},"end":{"line":24,"column":3}},"loc":{"start":{"line":24,"column":13},"end":{"line":26,"column":3}},"line":24},"5":{"name":"(anonymous_5)","decl":{"start":{"line":28,"column":2},"end":{"line":28,"column":3}},"loc":{"start":{"line":28,"column":12},"end":{"line":32,"column":3}},"line":28},"6":{"name":"(anonymous_6)","decl":{"start":{"line":30,"column":23},"end":{"line":30,"column":24}},"loc":{"start":{"line":30,"column":32},"end":{"line":30,"column":49}},"line":30}},"branchMap":{},"s":{"0":11,"1":22,"2":3,"3":3,"4":3,"5":1,"6":11,"7":10,"8":10,"9":15,"10":10},"f":{"0":11,"1":22,"2":3,"3":1,"4":11,"5":10,"6":15},"b":{},"_coverageSchema":"1a1c01bbd47fc00a2c39e90264f33305004495a9","hash":"48be65c8371a6370277eda27f52248a5b9a98611"}
,"/workspaces/in-memory/src/shareds/app-response.js": {"path":"/workspaces/in-memory/src/shareds/app-response.js","statementMap":{"0":{"start":{"line":3,"column":8},"end":{"line":3,"column":24}},"1":{"start":{"line":4,"column":8},"end":{"line":4,"column":26}},"2":{"start":{"line":8,"column":8},"end":{"line":8,"column":20}},"3":{"start":{"line":12,"column":8},"end":{"line":12,"column":19}},"4":{"start":{"line":19,"column":8},"end":{"line":19,"column":24}},"5":{"start":{"line":20,"column":8},"end":{"line":20,"column":27}},"6":{"start":{"line":24,"column":8},"end":{"line":24,"column":19}},"7":{"start":{"line":28,"column":8},"end":{"line":28,"column":20}}},"fnMap":{"0":{"name":"(anonymous_0)","decl":{"start":{"line":2,"column":4},"end":{"line":2,"column":5}},"loc":{"start":{"line":2,"column":21},"end":{"line":5,"column":5}},"line":2},"1":{"name":"(anonymous_1)","decl":{"start":{"line":7,"column":4},"end":{"line":7,"column":5}},"loc":{"start":{"line":7,"column":11},"end":{"line":9,"column":5}},"line":7},"2":{"name":"(anonymous_2)","decl":{"start":{"line":11,"column":4},"end":{"line":11,"column":5}},"loc":{"start":{"line":11,"column":14},"end":{"line":13,"column":5}},"line":11},"3":{"name":"(anonymous_3)","decl":{"start":{"line":18,"column":4},"end":{"line":18,"column":5}},"loc":{"start":{"line":18,"column":22},"end":{"line":21,"column":5}},"line":18},"4":{"name":"(anonymous_4)","decl":{"start":{"line":23,"column":4},"end":{"line":23,"column":5}},"loc":{"start":{"line":23,"column":11},"end":{"line":25,"column":5}},"line":23},"5":{"name":"(anonymous_5)","decl":{"start":{"line":27,"column":4},"end":{"line":27,"column":5}},"loc":{"start":{"line":27,"column":14},"end":{"line":29,"column":5}},"line":27}},"branchMap":{},"s":{"0":92,"1":92,"2":1,"3":1,"4":70,"5":70,"6":3,"7":3},"f":{"0":92,"1":1,"2":1,"3":70,"4":3,"5":3},"b":{},"_coverageSchema":"1a1c01bbd47fc00a2c39e90264f33305004495a9","hash":"8ee8c168c81273dfbcfe2d6faebbaefe67a35e01"}
,"/workspaces/in-memory/src/shareds/helpers.js": {"path":"/workspaces/in-memory/src/shareds/helpers.js","statementMap":{"0":{"start":{"line":4,"column":4},"end":{"line":4,"column":28}},"1":{"start":{"line":8,"column":4},"end":{"line":8,"column":28}},"2":{"start":{"line":12,"column":4},"end":{"line":12,"column":29}},"3":{"start":{"line":16,"column":4},"end":{"line":16,"column":29}},"4":{"start":{"line":20,"column":4},"end":{"line":20,"column":29}},"5":{"start":{"line":24,"column":4},"end":{"line":24,"column":30}},"6":{"start":{"line":28,"column":4},"end":{"line":28,"column":31}},"7":{"start":{"line":32,"column":4},"end":{"line":37,"column":5}},"8":{"start":{"line":33,"column":8},"end":{"line":33,"column":24}},"9":{"start":{"line":34,"column":8},"end":{"line":34,"column":20}},"10":{"start":{"line":36,"column":8},"end":{"line":36,"column":21}},"11":{"start":{"line":40,"column":22},"end":{"line":49,"column":1}}},"fnMap":{"0":{"name":"objHas","decl":{"start":{"line":3,"column":9},"end":{"line":3,"column":15}},"loc":{"start":{"line":3,"column":27},"end":{"line":5,"column":1}},"line":3},"1":{"name":"isEmpty","decl":{"start":{"line":7,"column":9},"end":{"line":7,"column":16}},"loc":{"start":{"line":7,"column":24},"end":{"line":9,"column":1}},"line":7},"2":{"name":"isString","decl":{"start":{"line":11,"column":9},"end":{"line":11,"column":17}},"loc":{"start":{"line":11,"column":25},"end":{"line":13,"column":1}},"line":11},"3":{"name":"isNumber","decl":{"start":{"line":15,"column":9},"end":{"line":15,"column":17}},"loc":{"start":{"line":15,"column":25},"end":{"line":17,"column":1}},"line":15},"4":{"name":"isObject","decl":{"start":{"line":19,"column":9},"end":{"line":19,"column":17}},"loc":{"start":{"line":19,"column":25},"end":{"line":21,"column":1}},"line":19},"5":{"name":"isBoolean","decl":{"start":{"line":23,"column":9},"end":{"line":23,"column":18}},"loc":{"start":{"line":23,"column":26},"end":{"line":25,"column":1}},"line":23},"6":{"name":"capitalize","decl":{"start":{"line":27,"column":9},"end":{"line":27,"column":19}},"loc":{"start":{"line":27,"column":27},"end":{"line":29,"column":1}},"line":27},"7":{"name":"isValidJSON","decl":{"start":{"line":31,"column":9},"end":{"line":31,"column":20}},"loc":{"start":{"line":31,"column":26},"end":{"line":38,"column":1}},"line":31}},"branchMap":{},"s":{"0":15,"1":6,"2":84,"3":4,"4":4,"5":5,"6":3,"7":3,"8":3,"9":1,"10":2,"11":14},"f":{"0":15,"1":6,"2":84,"3":4,"4":4,"5":5,"6":3,"7":3},"b":{},"_coverageSchema":"1a1c01bbd47fc00a2c39e90264f33305004495a9","hash":"b59cbfe9b53831e325f917a8078eff430df8d691"}
,"/workspaces/in-memory/src/shareds/messages.js": {"path":"/workspaces/in-memory/src/shareds/messages.js","statementMap":{"0":{"start":{"line":1,"column":24},"end":{"line":37,"column":1}}},"fnMap":{},"branchMap":{},"s":{"0":32},"f":{},"b":{},"_coverageSchema":"1a1c01bbd47fc00a2c39e90264f33305004495a9","hash":"e2c263151282a7ef7bd5e5a6395d6503f61b888e"}
,"/workspaces/in-memory/src/storage/storage.js": {"path":"/workspaces/in-memory/src/storage/storage.js","statementMap":{"0":{"start":{"line":1,"column":23},"end":{"line":1,"column":25}}},"fnMap":{},"branchMap":{},"s":{"0":2},"f":{},"b":{},"_coverageSchema":"1a1c01bbd47fc00a2c39e90264f33305004495a9","hash":"d6be7e2f96b19246763c8ab49231a3d2f4d50b12"}
,"/workspaces/in-memory/src/storage/compress/compress.js": {"path":"/workspaces/in-memory/src/storage/compress/compress.js","statementMap":{"0":{"start":{"line":9,"column":4},"end":{"line":11,"column":5}},"1":{"start":{"line":10,"column":8},"end":{"line":10,"column":58}},"2":{"start":{"line":12,"column":4},"end":{"line":12,"column":59}}},"fnMap":{"0":{"name":"compress","decl":{"start":{"line":8,"column":22},"end":{"line":8,"column":30}},"loc":{"start":{"line":8,"column":39},"end":{"line":13,"column":1}},"line":8}},"branchMap":{"0":{"loc":{"start":{"line":9,"column":4},"end":{"line":11,"column":5}},"type":"if","locations":[{"start":{"line":9,"column":4},"end":{"line":11,"column":5}},{"start":{},"end":{}}],"line":9},"1":{"loc":{"start":{"line":9,"column":8},"end":{"line":9,"column":77}},"type":"binary-expr","locations":[{"start":{"line":9,"column":8},"end":{"line":9,"column":41}},{"start":{"line":9,"column":45},"end":{"line":9,"column":77}}],"line":9}},"s":{"0":3,"1":1,"2":2},"f":{"0":3},"b":{"0":[1,2],"1":[3,1]},"_coverageSchema":"1a1c01bbd47fc00a2c39e90264f33305004495a9","hash":"5dd08fa6ad07a8a8016a1afb27f80e8159248edb"}
,"/workspaces/in-memory/src/storage/compress/decompress.js": {"path":"/workspaces/in-memory/src/storage/compress/decompress.js","statementMap":{"0":{"start":{"line":9,"column":4},"end":{"line":11,"column":5}},"1":{"start":{"line":10,"column":8},"end":{"line":10,"column":58}},"2":{"start":{"line":12,"column":4},"end":{"line":12,"column":65}}},"fnMap":{"0":{"name":"decompress","decl":{"start":{"line":8,"column":22},"end":{"line":8,"column":32}},"loc":{"start":{"line":8,"column":47},"end":{"line":13,"column":1}},"line":8}},"branchMap":{"0":{"loc":{"start":{"line":9,"column":4},"end":{"line":11,"column":5}},"type":"if","locations":[{"start":{"line":9,"column":4},"end":{"line":11,"column":5}},{"start":{},"end":{}}],"line":9},"1":{"loc":{"start":{"line":9,"column":8},"end":{"line":9,"column":89}},"type":"binary-expr","locations":[{"start":{"line":9,"column":8},"end":{"line":9,"column":47}},{"start":{"line":9,"column":51},"end":{"line":9,"column":89}}],"line":9}},"s":{"0":2,"1":0,"2":2},"f":{"0":2},"b":{"0":[0,2],"1":[2,0]},"_coverageSchema":"1a1c01bbd47fc00a2c39e90264f33305004495a9","hash":"837e1549f1c34e1b407f9a7658ab699d73bebc1c"}
,"/workspaces/in-memory/src/storage/serialization/hash/decode.js": {"path":"/workspaces/in-memory/src/storage/serialization/hash/decode.js","statementMap":{"0":{"start":{"line":7,"column":4},"end":{"line":9,"column":5}},"1":{"start":{"line":8,"column":8},"end":{"line":8,"column":62}},"2":{"start":{"line":11,"column":4},"end":{"line":13,"column":5}},"3":{"start":{"line":12,"column":8},"end":{"line":12,"column":58}},"4":{"start":{"line":15,"column":17},"end":{"line":15,"column":37}},"5":{"start":{"line":16,"column":22},"end":{"line":16,"column":37}},"6":{"start":{"line":17,"column":19},"end":{"line":17,"column":43}},"7":{"start":{"line":18,"column":19},"end":{"line":18,"column":56}},"8":{"start":{"line":20,"column":4},"end":{"line":22,"column":5}},"9":{"start":{"line":21,"column":8},"end":{"line":21,"column":58}},"10":{"start":{"line":24,"column":23},"end":{"line":24,"column":56}},"11":{"start":{"line":25,"column":22},"end":{"line":25,"column":24}},"12":{"start":{"line":27,"column":4},"end":{"line":29,"column":5}},"13":{"start":{"line":27,"column":21},"end":{"line":27,"column":22}},"14":{"start":{"line":28,"column":8},"end":{"line":28,"column":61}},"15":{"start":{"line":31,"column":19},"end":{"line":31,"column":42}},"16":{"start":{"line":33,"column":4},"end":{"line":35,"column":5}},"17":{"start":{"line":34,"column":8},"end":{"line":34,"column":49}},"18":{"start":{"line":37,"column":4},"end":{"line":37,"column":36}}},"fnMap":{"0":{"name":"deserializeHash","decl":{"start":{"line":5,"column":16},"end":{"line":5,"column":31}},"loc":{"start":{"line":5,"column":40},"end":{"line":38,"column":1}},"line":5}},"branchMap":{"0":{"loc":{"start":{"line":7,"column":4},"end":{"line":9,"column":5}},"type":"if","locations":[{"start":{"line":7,"column":4},"end":{"line":9,"column":5}},{"start":{},"end":{}}],"line":7},"1":{"loc":{"start":{"line":11,"column":4},"end":{"line":13,"column":5}},"type":"if","locations":[{"start":{"line":11,"column":4},"end":{"line":13,"column":5}},{"start":{},"end":{}}],"line":11},"2":{"loc":{"start":{"line":20,"column":4},"end":{"line":22,"column":5}},"type":"if","locations":[{"start":{"line":20,"column":4},"end":{"line":22,"column":5}},{"start":{},"end":{}}],"line":20}},"s":{"0":5,"1":1,"2":4,"3":1,"4":3,"5":3,"6":3,"7":3,"8":3,"9":1,"10":2,"11":2,"12":2,"13":2,"14":106,"15":2,"16":2,"17":4,"18":2},"f":{"0":5},"b":{"0":[1,4],"1":[1,3],"2":[1,2]},"_coverageSchema":"1a1c01bbd47fc00a2c39e90264f33305004495a9","hash":"6aa1d2dcb51c37c8dfec7d905e754e5870d8c17c"}
,"/workspaces/in-memory/src/storage/serialization/hash/encode.js": {"path":"/workspaces/in-memory/src/storage/serialization/hash/encode.js","statementMap":{"0":{"start":{"line":7,"column":4},"end":{"line":9,"column":5}},"1":{"start":{"line":8,"column":8},"end":{"line":8,"column":62}},"2":{"start":{"line":11,"column":4},"end":{"line":13,"column":5}},"3":{"start":{"line":12,"column":8},"end":{"line":12,"column":62}},"4":{"start":{"line":15,"column":16},"end":{"line":15,"column":35}},"5":{"start":{"line":16,"column":24},"end":{"line":16,"column":41}},"6":{"start":{"line":17,"column":23},"end":{"line":17,"column":42}},"7":{"start":{"line":18,"column":24},"end":{"line":18,"column":54}},"8":{"start":{"line":20,"column":19},"end":{"line":20,"column":62}},"9":{"start":{"line":21,"column":17},"end":{"line":21,"column":37}},"10":{"start":{"line":23,"column":4},"end":{"line":23,"column":40}},"11":{"start":{"line":24,"column":4},"end":{"line":24,"column":49}},"12":{"start":{"line":26,"column":21},"end":{"line":26,"column":44}},"13":{"start":{"line":27,"column":4},"end":{"line":29,"column":5}},"14":{"start":{"line":27,"column":17},"end":{"line":27,"column":18}},"15":{"start":{"line":28,"column":8},"end":{"line":28,"column":45}},"16":{"start":{"line":31,"column":4},"end":{"line":31,"column":34}}},"fnMap":{"0":{"name":"serializeHash","decl":{"start":{"line":5,"column":22},"end":{"line":5,"column":35}},"loc":{"start":{"line":5,"column":47},"end":{"line":32,"column":1}},"line":5}},"branchMap":{"0":{"loc":{"start":{"line":7,"column":4},"end":{"line":9,"column":5}},"type":"if","locations":[{"start":{"line":7,"column":4},"end":{"line":9,"column":5}},{"start":{},"end":{}}],"line":7},"1":{"loc":{"start":{"line":11,"column":4},"end":{"line":13,"column":5}},"type":"if","locations":[{"start":{"line":11,"column":4},"end":{"line":13,"column":5}},{"start":{},"end":{}}],"line":11}},"s":{"0":4,"1":1,"2":3,"3":1,"4":2,"5":2,"6":2,"7":2,"8":2,"9":2,"10":2,"11":2,"12":2,"13":2,"14":2,"15":162,"16":2},"f":{"0":4},"b":{"0":[1,3],"1":[1,2]},"_coverageSchema":"1a1c01bbd47fc00a2c39e90264f33305004495a9","hash":"839bc3cb8913ad57c2eba9caacfcf4e9d408be29"}
,"/workspaces/in-memory/src/storage/serialization/list/decode.js": {"path":"/workspaces/in-memory/src/storage/serialization/list/decode.js","statementMap":{"0":{"start":{"line":7,"column":4},"end":{"line":9,"column":5}},"1":{"start":{"line":8,"column":8},"end":{"line":8,"column":62}},"2":{"start":{"line":11,"column":4},"end":{"line":13,"column":5}},"3":{"start":{"line":12,"column":8},"end":{"line":12,"column":58}},"4":{"start":{"line":15,"column":17},"end":{"line":15,"column":27}},"5":{"start":{"line":16,"column":17},"end":{"line":16,"column":37}},"6":{"start":{"line":17,"column":19},"end":{"line":17,"column":43}},"7":{"start":{"line":18,"column":19},"end":{"line":18,"column":56}},"8":{"start":{"line":20,"column":4},"end":{"line":22,"column":5}},"9":{"start":{"line":21,"column":8},"end":{"line":21,"column":58}},"10":{"start":{"line":24,"column":4},"end":{"line":26,"column":5}},"11":{"start":{"line":24,"column":21},"end":{"line":24,"column":22}},"12":{"start":{"line":25,"column":8},"end":{"line":25,"column":60}},"13":{"start":{"line":27,"column":4},"end":{"line":27,"column":31}}},"fnMap":{"0":{"name":"deserializeList","decl":{"start":{"line":5,"column":16},"end":{"line":5,"column":31}},"loc":{"start":{"line":5,"column":40},"end":{"line":28,"column":1}},"line":5}},"branchMap":{"0":{"loc":{"start":{"line":7,"column":4},"end":{"line":9,"column":5}},"type":"if","locations":[{"start":{"line":7,"column":4},"end":{"line":9,"column":5}},{"start":{},"end":{}}],"line":7},"1":{"loc":{"start":{"line":11,"column":4},"end":{"line":13,"column":5}},"type":"if","locations":[{"start":{"line":11,"column":4},"end":{"line":13,"column":5}},{"start":{},"end":{}}],"line":11},"2":{"loc":{"start":{"line":20,"column":4},"end":{"line":22,"column":5}},"type":"if","locations":[{"start":{"line":20,"column":4},"end":{"line":22,"column":5}},{"start":{},"end":{}}],"line":20}},"s":{"0":5,"1":1,"2":4,"3":1,"4":3,"5":3,"6":3,"7":3,"8":3,"9":1,"10":2,"11":2,"12":6,"13":2},"f":{"0":5},"b":{"0":[1,4],"1":[1,3],"2":[1,2]},"_coverageSchema":"1a1c01bbd47fc00a2c39e90264f33305004495a9","hash":"7022c1367f31f70e90397fc52e31e7b5c65e9b5a"}
,"/workspaces/in-memory/src/storage/serialization/list/encode.js": {"path":"/workspaces/in-memory/src/storage/serialization/list/encode.js","statementMap":{"0":{"start":{"line":7,"column":4},"end":{"line":9,"column":5}},"1":{"start":{"line":8,"column":8},"end":{"line":8,"column":62}},"2":{"start":{"line":11,"column":4},"end":{"line":13,"column":5}},"3":{"start":{"line":12,"column":8},"end":{"line":12,"column":56}},"4":{"start":{"line":15,"column":16},"end":{"line":15,"column":26}},"5":{"start":{"line":16,"column":19},"end":{"line":16,"column":29}},"6":{"start":{"line":18,"column":19},"end":{"line":18,"column":56}},"7":{"start":{"line":19,"column":17},"end":{"line":19,"column":37}},"8":{"start":{"line":21,"column":4},"end":{"line":21,"column":39}},"9":{"start":{"line":22,"column":4},"end":{"line":22,"column":36}},"10":{"start":{"line":24,"column":4},"end":{"line":26,"column":5}},"11":{"start":{"line":24,"column":21},"end":{"line":24,"column":22}},"12":{"start":{"line":25,"column":8},"end":{"line":25,"column":58}},"13":{"start":{"line":27,"column":4},"end":{"line":27,"column":33}}},"fnMap":{"0":{"name":"serializeList","decl":{"start":{"line":5,"column":16},"end":{"line":5,"column":29}},"loc":{"start":{"line":5,"column":36},"end":{"line":28,"column":1}},"line":5}},"branchMap":{"0":{"loc":{"start":{"line":7,"column":4},"end":{"line":9,"column":5}},"type":"if","locations":[{"start":{"line":7,"column":4},"end":{"line":9,"column":5}},{"start":{},"end":{}}],"line":7},"1":{"loc":{"start":{"line":11,"column":4},"end":{"line":13,"column":5}},"type":"if","locations":[{"start":{"line":11,"column":4},"end":{"line":13,"column":5}},{"start":{},"end":{}}],"line":11}},"s":{"0":4,"1":1,"2":3,"3":1,"4":2,"5":2,"6":2,"7":2,"8":2,"9":2,"10":2,"11":2,"12":6,"13":2},"f":{"0":4},"b":{"0":[1,3],"1":[1,2]},"_coverageSchema":"1a1c01bbd47fc00a2c39e90264f33305004495a9","hash":"a1f0e8ab2516415da7cd6bbcbbaf7f2f25355d38"}
,"/workspaces/in-memory/src/storage/serialization/queue/decode.js": {"path":"/workspaces/in-memory/src/storage/serialization/queue/decode.js","statementMap":{"0":{"start":{"line":7,"column":4},"end":{"line":9,"column":5}},"1":{"start":{"line":8,"column":8},"end":{"line":8,"column":62}},"2":{"start":{"line":11,"column":4},"end":{"line":13,"column":5}},"3":{"start":{"line":12,"column":8},"end":{"line":12,"column":58}},"4":{"start":{"line":15,"column":18},"end":{"line":15,"column":29}},"5":{"start":{"line":16,"column":15},"end":{"line":16,"column":35}},"6":{"start":{"line":17,"column":19},"end":{"line":17,"column":41}},"7":{"start":{"line":18,"column":19},"end":{"line":18,"column":54}},"8":{"start":{"line":20,"column":4},"end":{"line":22,"column":5}},"9":{"start":{"line":21,"column":8},"end":{"line":21,"column":58}},"10":{"start":{"line":24,"column":4},"end":{"line":26,"column":5}},"11":{"start":{"line":24,"column":21},"end":{"line":24,"column":22}},"12":{"start":{"line":25,"column":8},"end":{"line":25,"column":63}},"13":{"start":{"line":28,"column":4},"end":{"line":28,"column":32}}},"fnMap":{"0":{"name":"deserializeQueue","decl":{"start":{"line":5,"column":16},"end":{"line":5,"column":32}},"loc":{"start":{"line":5,"column":41},"end":{"line":29,"column":1}},"line":5}},"branchMap":{"0":{"loc":{"start":{"line":7,"column":4},"end":{"line":9,"column":5}},"type":"if","locations":[{"start":{"line":7,"column":4},"end":{"line":9,"column":5}},{"start":{},"end":{}}],"line":7},"1":{"loc":{"start":{"line":11,"column":4},"end":{"line":13,"column":5}},"type":"if","locations":[{"start":{"line":11,"column":4},"end":{"line":13,"column":5}},{"start":{},"end":{}}],"line":11},"2":{"loc":{"start":{"line":20,"column":4},"end":{"line":22,"column":5}},"type":"if","locations":[{"start":{"line":20,"column":4},"end":{"line":22,"column":5}},{"start":{},"end":{}}],"line":20}},"s":{"0":5,"1":1,"2":4,"3":1,"4":3,"5":3,"6":3,"7":3,"8":3,"9":1,"10":2,"11":2,"12":6,"13":2},"f":{"0":5},"b":{"0":[1,4],"1":[1,3],"2":[1,2]},"_coverageSchema":"1a1c01bbd47fc00a2c39e90264f33305004495a9","hash":"651125b01e064c2e720d57a2ada8cc96d2f33f9f"}
,"/workspaces/in-memory/src/storage/serialization/queue/encode.js": {"path":"/workspaces/in-memory/src/storage/serialization/queue/encode.js","statementMap":{"0":{"start":{"line":7,"column":4},"end":{"line":9,"column":5}},"1":{"start":{"line":8,"column":8},"end":{"line":8,"column":62}},"2":{"start":{"line":11,"column":4},"end":{"line":13,"column":5}},"3":{"start":{"line":12,"column":8},"end":{"line":12,"column":57}},"4":{"start":{"line":15,"column":19},"end":{"line":15,"column":29}},"5":{"start":{"line":16,"column":16},"end":{"line":16,"column":31}},"6":{"start":{"line":18,"column":16},"end":{"line":18,"column":53}},"7":{"start":{"line":19,"column":17},"end":{"line":19,"column":34}},"8":{"start":{"line":21,"column":4},"end":{"line":21,"column":39}},"9":{"start":{"line":22,"column":4},"end":{"line":22,"column":36}},"10":{"start":{"line":24,"column":4},"end":{"line":26,"column":5}},"11":{"start":{"line":24,"column":21},"end":{"line":24,"column":22}},"12":{"start":{"line":25,"column":8},"end":{"line":25,"column":62}},"13":{"start":{"line":27,"column":4},"end":{"line":27,"column":30}}},"fnMap":{"0":{"name":"serializeQueue","decl":{"start":{"line":5,"column":16},"end":{"line":5,"column":30}},"loc":{"start":{"line":5,"column":38},"end":{"line":28,"column":1}},"line":5}},"branchMap":{"0":{"loc":{"start":{"line":7,"column":4},"end":{"line":9,"column":5}},"type":"if","locations":[{"start":{"line":7,"column":4},"end":{"line":9,"column":5}},{"start":{},"end":{}}],"line":7},"1":{"loc":{"start":{"line":11,"column":4},"end":{"line":13,"column":5}},"type":"if","locations":[{"start":{"line":11,"column":4},"end":{"line":13,"column":5}},{"start":{},"end":{}}],"line":11}},"s":{"0":4,"1":1,"2":3,"3":1,"4":2,"5":2,"6":2,"7":2,"8":2,"9":2,"10":2,"11":2,"12":6,"13":2},"f":{"0":4},"b":{"0":[1,3],"1":[1,2]},"_coverageSchema":"1a1c01bbd47fc00a2c39e90264f33305004495a9","hash":"bd02e8f04c960ac28c133b968269fceb6aa05d85"}
,"/workspaces/in-memory/src/storage/serialization/set/decode.js": {"path":"/workspaces/in-memory/src/storage/serialization/set/decode.js","statementMap":{"0":{"start":{"line":7,"column":4},"end":{"line":9,"column":5}},"1":{"start":{"line":8,"column":8},"end":{"line":8,"column":62}},"2":{"start":{"line":11,"column":4},"end":{"line":13,"column":5}},"3":{"start":{"line":12,"column":8},"end":{"line":12,"column":58}},"4":{"start":{"line":15,"column":17},"end":{"line":15,"column":37}},"5":{"start":{"line":16,"column":19},"end":{"line":16,"column":56}},"6":{"start":{"line":18,"column":4},"end":{"line":20,"column":5}},"7":{"start":{"line":19,"column":8},"end":{"line":19,"column":58}},"8":{"start":{"line":22,"column":19},"end":{"line":22,"column":43}},"9":{"start":{"line":23,"column":21},"end":{"line":23,"column":52}},"10":{"start":{"line":24,"column":22},"end":{"line":24,"column":24}},"11":{"start":{"line":25,"column":4},"end":{"line":27,"column":5}},"12":{"start":{"line":25,"column":17},"end":{"line":25,"column":18}},"13":{"start":{"line":26,"column":8},"end":{"line":26,"column":65}},"14":{"start":{"line":29,"column":19},"end":{"line":29,"column":42}},"15":{"start":{"line":30,"column":4},"end":{"line":30,"column":49}}},"fnMap":{"0":{"name":"deserializeSet","decl":{"start":{"line":5,"column":22},"end":{"line":5,"column":36}},"loc":{"start":{"line":5,"column":45},"end":{"line":31,"column":1}},"line":5}},"branchMap":{"0":{"loc":{"start":{"line":7,"column":4},"end":{"line":9,"column":5}},"type":"if","locations":[{"start":{"line":7,"column":4},"end":{"line":9,"column":5}},{"start":{},"end":{}}],"line":7},"1":{"loc":{"start":{"line":11,"column":4},"end":{"line":13,"column":5}},"type":"if","locations":[{"start":{"line":11,"column":4},"end":{"line":13,"column":5}},{"start":{},"end":{}}],"line":11},"2":{"loc":{"start":{"line":18,"column":4},"end":{"line":20,"column":5}},"type":"if","locations":[{"start":{"line":18,"column":4},"end":{"line":20,"column":5}},{"start":{},"end":{}}],"line":18}},"s":{"0":5,"1":1,"2":4,"3":1,"4":3,"5":3,"6":3,"7":1,"8":2,"9":2,"10":2,"11":2,"12":2,"13":26,"14":2,"15":2},"f":{"0":5},"b":{"0":[1,4],"1":[1,3],"2":[1,2]},"_coverageSchema":"1a1c01bbd47fc00a2c39e90264f33305004495a9","hash":"9a432e18cceebb7acd46887ba1f8c72af0ea190d"}
,"/workspaces/in-memory/src/storage/serialization/set/encode.js": {"path":"/workspaces/in-memory/src/storage/serialization/set/encode.js","statementMap":{"0":{"start":{"line":7,"column":4},"end":{"line":9,"column":5}},"1":{"start":{"line":8,"column":8},"end":{"line":8,"column":62}},"2":{"start":{"line":11,"column":4},"end":{"line":13,"column":5}},"3":{"start":{"line":12,"column":8},"end":{"line":12,"column":56}},"4":{"start":{"line":15,"column":16},"end":{"line":15,"column":40}},"5":{"start":{"line":17,"column":24},"end":{"line":17,"column":69}},"6":{"start":{"line":18,"column":19},"end":{"line":18,"column":41}},"7":{"start":{"line":20,"column":19},"end":{"line":20,"column":50}},"8":{"start":{"line":21,"column":17},"end":{"line":21,"column":37}},"9":{"start":{"line":23,"column":4},"end":{"line":23,"column":40}},"10":{"start":{"line":24,"column":4},"end":{"line":24,"column":37}},"11":{"start":{"line":26,"column":21},"end":{"line":26,"column":44}},"12":{"start":{"line":27,"column":4},"end":{"line":29,"column":5}},"13":{"start":{"line":27,"column":17},"end":{"line":27,"column":18}},"14":{"start":{"line":28,"column":8},"end":{"line":28,"column":45}},"15":{"start":{"line":31,"column":4},"end":{"line":31,"column":34}}},"fnMap":{"0":{"name":"serializeSet","decl":{"start":{"line":5,"column":16},"end":{"line":5,"column":28}},"loc":{"start":{"line":5,"column":34},"end":{"line":32,"column":1}},"line":5}},"branchMap":{"0":{"loc":{"start":{"line":7,"column":4},"end":{"line":9,"column":5}},"type":"if","locations":[{"start":{"line":7,"column":4},"end":{"line":9,"column":5}},{"start":{},"end":{}}],"line":7},"1":{"loc":{"start":{"line":11,"column":4},"end":{"line":13,"column":5}},"type":"if","locations":[{"start":{"line":11,"column":4},"end":{"line":13,"column":5}},{"start":{},"end":{}}],"line":11}},"s":{"0":4,"1":1,"2":3,"3":1,"4":2,"5":2,"6":2,"7":2,"8":2,"9":2,"10":2,"11":2,"12":2,"13":2,"14":26,"15":2},"f":{"0":4},"b":{"0":[1,3],"1":[1,2]},"_coverageSchema":"1a1c01bbd47fc00a2c39e90264f33305004495a9","hash":"b36b8a273ad37f4184b677c20c2a40830ab58734"}
,"/workspaces/in-memory/src/storage/serialization/stack/decode.js": {"path":"/workspaces/in-memory/src/storage/serialization/stack/decode.js","statementMap":{"0":{"start":{"line":7,"column":4},"end":{"line":9,"column":5}},"1":{"start":{"line":8,"column":8},"end":{"line":8,"column":62}},"2":{"start":{"line":11,"column":4},"end":{"line":13,"column":5}},"3":{"start":{"line":12,"column":8},"end":{"line":12,"column":58}},"4":{"start":{"line":15,"column":18},"end":{"line":15,"column":29}},"5":{"start":{"line":16,"column":17},"end":{"line":16,"column":37}},"6":{"start":{"line":17,"column":19},"end":{"line":17,"column":43}},"7":{"start":{"line":18,"column":19},"end":{"line":18,"column":56}},"8":{"start":{"line":20,"column":4},"end":{"line":22,"column":5}},"9":{"start":{"line":21,"column":8},"end":{"line":21,"column":58}},"10":{"start":{"line":24,"column":4},"end":{"line":26,"column":5}},"11":{"start":{"line":24,"column":21},"end":{"line":24,"column":22}},"12":{"start":{"line":25,"column":8},"end":{"line":25,"column":61}},"13":{"start":{"line":28,"column":4},"end":{"line":28,"column":32}}},"fnMap":{"0":{"name":"deserializeStack","decl":{"start":{"line":5,"column":16},"end":{"line":5,"column":32}},"loc":{"start":{"line":5,"column":41},"end":{"line":29,"column":1}},"line":5}},"branchMap":{"0":{"loc":{"start":{"line":7,"column":4},"end":{"line":9,"column":5}},"type":"if","locations":[{"start":{"line":7,"column":4},"end":{"line":9,"column":5}},{"start":{},"end":{}}],"line":7},"1":{"loc":{"start":{"line":11,"column":4},"end":{"line":13,"column":5}},"type":"if","locations":[{"start":{"line":11,"column":4},"end":{"line":13,"column":5}},{"start":{},"end":{}}],"line":11},"2":{"loc":{"start":{"line":20,"column":4},"end":{"line":22,"column":5}},"type":"if","locations":[{"start":{"line":20,"column":4},"end":{"line":22,"column":5}},{"start":{},"end":{}}],"line":20}},"s":{"0":5,"1":1,"2":4,"3":1,"4":3,"5":3,"6":3,"7":3,"8":3,"9":1,"10":2,"11":2,"12":6,"13":2},"f":{"0":5},"b":{"0":[1,4],"1":[1,3],"2":[1,2]},"_coverageSchema":"1a1c01bbd47fc00a2c39e90264f33305004495a9","hash":"e0cb65aed19cece4386d5a4ece512d5d77b45dad"}
,"/workspaces/in-memory/src/storage/serialization/stack/encode.js": {"path":"/workspaces/in-memory/src/storage/serialization/stack/encode.js","statementMap":{"0":{"start":{"line":7,"column":4},"end":{"line":9,"column":5}},"1":{"start":{"line":8,"column":8},"end":{"line":8,"column":62}},"2":{"start":{"line":11,"column":4},"end":{"line":13,"column":5}},"3":{"start":{"line":12,"column":8},"end":{"line":12,"column":57}},"4":{"start":{"line":15,"column":19},"end":{"line":15,"column":29}},"5":{"start":{"line":16,"column":16},"end":{"line":16,"column":31}},"6":{"start":{"line":17,"column":19},"end":{"line":17,"column":56}},"7":{"start":{"line":18,"column":17},"end":{"line":18,"column":37}},"8":{"start":{"line":20,"column":4},"end":{"line":20,"column":39}},"9":{"start":{"line":21,"column":4},"end":{"line":21,"column":29}},"10":{"start":{"line":23,"column":4},"end":{"line":25,"column":5}},"11":{"start":{"line":23,"column":21},"end":{"line":23,"column":22}},"12":{"start":{"line":24,"column":8},"end":{"line":24,"column":58}},"13":{"start":{"line":27,"column":4},"end":{"line":27,"column":33}}},"fnMap":{"0":{"name":"serializeStack","decl":{"start":{"line":5,"column":16},"end":{"line":5,"column":30}},"loc":{"start":{"line":5,"column":38},"end":{"line":28,"column":1}},"line":5}},"branchMap":{"0":{"loc":{"start":{"line":7,"column":4},"end":{"line":9,"column":5}},"type":"if","locations":[{"start":{"line":7,"column":4},"end":{"line":9,"column":5}},{"start":{},"end":{}}],"line":7},"1":{"loc":{"start":{"line":11,"column":4},"end":{"line":13,"column":5}},"type":"if","locations":[{"start":{"line":11,"column":4},"end":{"line":13,"column":5}},{"start":{},"end":{}}],"line":11}},"s":{"0":4,"1":1,"2":3,"3":1,"4":2,"5":2,"6":2,"7":2,"8":2,"9":2,"10":2,"11":2,"12":6,"13":2},"f":{"0":4},"b":{"0":[1,3],"1":[1,2]},"_coverageSchema":"1a1c01bbd47fc00a2c39e90264f33305004495a9","hash":"7439617ac81ab50db0d76b1e6590a61c65c6b896"}
,"/workspaces/in-memory/src/storage/serialization/string/decode.js": {"path":"/workspaces/in-memory/src/storage/serialization/string/decode.js","statementMap":{"0":{"start":{"line":6,"column":4},"end":{"line":8,"column":5}},"1":{"start":{"line":7,"column":8},"end":{"line":7,"column":62}},"2":{"start":{"line":10,"column":4},"end":{"line":12,"column":5}},"3":{"start":{"line":11,"column":8},"end":{"line":11,"column":58}},"4":{"start":{"line":14,"column":17},"end":{"line":14,"column":37}},"5":{"start":{"line":15,"column":19},"end":{"line":15,"column":56}},"6":{"start":{"line":17,"column":4},"end":{"line":19,"column":5}},"7":{"start":{"line":18,"column":8},"end":{"line":18,"column":58}},"8":{"start":{"line":21,"column":19},"end":{"line":21,"column":43}},"9":{"start":{"line":22,"column":21},"end":{"line":22,"column":52}},"10":{"start":{"line":23,"column":22},"end":{"line":23,"column":24}},"11":{"start":{"line":25,"column":4},"end":{"line":27,"column":5}},"12":{"start":{"line":25,"column":17},"end":{"line":25,"column":18}},"13":{"start":{"line":26,"column":8},"end":{"line":26,"column":65}},"14":{"start":{"line":29,"column":4},"end":{"line":29,"column":38}}},"fnMap":{"0":{"name":"deserializeString","decl":{"start":{"line":4,"column":22},"end":{"line":4,"column":39}},"loc":{"start":{"line":4,"column":48},"end":{"line":30,"column":1}},"line":4}},"branchMap":{"0":{"loc":{"start":{"line":6,"column":4},"end":{"line":8,"column":5}},"type":"if","locations":[{"start":{"line":6,"column":4},"end":{"line":8,"column":5}},{"start":{},"end":{}}],"line":6},"1":{"loc":{"start":{"line":10,"column":4},"end":{"line":12,"column":5}},"type":"if","locations":[{"start":{"line":10,"column":4},"end":{"line":12,"column":5}},{"start":{},"end":{}}],"line":10},"2":{"loc":{"start":{"line":17,"column":4},"end":{"line":19,"column":5}},"type":"if","locations":[{"start":{"line":17,"column":4},"end":{"line":19,"column":5}},{"start":{},"end":{}}],"line":17}},"s":{"0":5,"1":1,"2":4,"3":1,"4":3,"5":3,"6":3,"7":1,"8":2,"9":2,"10":2,"11":2,"12":2,"13":20,"14":2},"f":{"0":5},"b":{"0":[1,4],"1":[1,3],"2":[1,2]},"_coverageSchema":"1a1c01bbd47fc00a2c39e90264f33305004495a9","hash":"2ff8951a96493e3f95c9014ddd131af91532c50a"}
,"/workspaces/in-memory/src/storage/serialization/string/encode.js": {"path":"/workspaces/in-memory/src/storage/serialization/string/encode.js","statementMap":{"0":{"start":{"line":7,"column":4},"end":{"line":9,"column":5}},"1":{"start":{"line":8,"column":8},"end":{"line":8,"column":62}},"2":{"start":{"line":11,"column":4},"end":{"line":13,"column":5}},"3":{"start":{"line":12,"column":8},"end":{"line":12,"column":57}},"4":{"start":{"line":15,"column":20},"end":{"line":15,"column":47}},"5":{"start":{"line":16,"column":18},"end":{"line":16,"column":41}},"6":{"start":{"line":17,"column":19},"end":{"line":17,"column":35}},"7":{"start":{"line":19,"column":29},"end":{"line":19,"column":60}},"8":{"start":{"line":20,"column":17},"end":{"line":20,"column":47}},"9":{"start":{"line":22,"column":4},"end":{"line":22,"column":40}},"10":{"start":{"line":23,"column":4},"end":{"line":23,"column":37}},"11":{"start":{"line":25,"column":27},"end":{"line":25,"column":70}},"12":{"start":{"line":26,"column":4},"end":{"line":26,"column":30}},"13":{"start":{"line":28,"column":4},"end":{"line":28,"column":44}}},"fnMap":{"0":{"name":"serializeString","decl":{"start":{"line":5,"column":16},"end":{"line":5,"column":31}},"loc":{"start":{"line":5,"column":35},"end":{"line":29,"column":1}},"line":5}},"branchMap":{"0":{"loc":{"start":{"line":7,"column":4},"end":{"line":9,"column":5}},"type":"if","locations":[{"start":{"line":7,"column":4},"end":{"line":9,"column":5}},{"start":{},"end":{}}],"line":7},"1":{"loc":{"start":{"line":11,"column":4},"end":{"line":13,"column":5}},"type":"if","locations":[{"start":{"line":11,"column":4},"end":{"line":13,"column":5}},{"start":{},"end":{}}],"line":11}},"s":{"0":4,"1":1,"2":3,"3":1,"4":2,"5":2,"6":2,"7":2,"8":2,"9":2,"10":2,"11":2,"12":2,"13":2},"f":{"0":4},"b":{"0":[1,3],"1":[1,2]},"_coverageSchema":"1a1c01bbd47fc00a2c39e90264f33305004495a9","hash":"5abda736c4536e30bec882597a6e1fd59f9c96a4"}
}
