{"/workspaces/in-memory/src/data-structures/bloom-filter.mjs": {"path":"/workspaces/in-memory/src/data-structures/bloom-filter.mjs","statementMap":{"0":{"start":{"line":1,"column":15},"end":{"line":1,"column":31}},"1":{"start":{"line":2,"column":15},"end":{"line":2,"column":31}},"2":{"start":{"line":3,"column":15},"end":{"line":3,"column":31}},"3":{"start":{"line":4,"column":13},"end":{"line":4,"column":17}},"4":{"start":{"line":11,"column":8},"end":{"line":11,"column":49}},"5":{"start":{"line":12,"column":8},"end":{"line":12,"column":73}},"6":{"start":{"line":16,"column":19},"end":{"line":16,"column":20}},"7":{"start":{"line":17,"column":8},"end":{"line":20,"column":9}},"8":{"start":{"line":17,"column":21},"end":{"line":17,"column":22}},"9":{"start":{"line":18,"column":12},"end":{"line":18,"column":60}},"10":{"start":{"line":19,"column":12},"end":{"line":19,"column":22}},"11":{"start":{"line":21,"column":8},"end":{"line":21,"column":27}},"12":{"start":{"line":25,"column":19},"end":{"line":25,"column":23}},"13":{"start":{"line":26,"column":16},"end":{"line":26,"column":28}},"14":{"start":{"line":27,"column":8},"end":{"line":29,"column":9}},"15":{"start":{"line":28,"column":12},"end":{"line":28,"column":55}},"16":{"start":{"line":30,"column":8},"end":{"line":30,"column":35}},"17":{"start":{"line":34,"column":19},"end":{"line":34,"column":20}},"18":{"start":{"line":35,"column":8},"end":{"line":38,"column":9}},"19":{"start":{"line":35,"column":21},"end":{"line":35,"column":22}},"20":{"start":{"line":36,"column":12},"end":{"line":36,"column":62}},"21":{"start":{"line":37,"column":12},"end":{"line":37,"column":22}},"22":{"start":{"line":39,"column":8},"end":{"line":39,"column":27}},"23":{"start":{"line":43,"column":8},"end":{"line":46,"column":9}},"24":{"start":{"line":44,"column":26},"end":{"line":44,"column":45}},"25":{"start":{"line":45,"column":12},"end":{"line":45,"column":38}},"26":{"start":{"line":50,"column":8},"end":{"line":55,"column":9}},"27":{"start":{"line":51,"column":26},"end":{"line":51,"column":45}},"28":{"start":{"line":52,"column":12},"end":{"line":54,"column":13}},"29":{"start":{"line":53,"column":16},"end":{"line":53,"column":29}},"30":{"start":{"line":56,"column":8},"end":{"line":56,"column":20}}},"fnMap":{"0":{"name":"(anonymous_0)","decl":{"start":{"line":10,"column":4},"end":{"line":10,"column":5}},"loc":{"start":{"line":10,"column":18},"end":{"line":13,"column":5}},"line":10},"1":{"name":"(anonymous_1)","decl":{"start":{"line":15,"column":4},"end":{"line":15,"column":5}},"loc":{"start":{"line":15,"column":20},"end":{"line":22,"column":5}},"line":15},"2":{"name":"(anonymous_2)","decl":{"start":{"line":24,"column":4},"end":{"line":24,"column":5}},"loc":{"start":{"line":24,"column":20},"end":{"line":31,"column":5}},"line":24},"3":{"name":"(anonymous_3)","decl":{"start":{"line":33,"column":4},"end":{"line":33,"column":5}},"loc":{"start":{"line":33,"column":20},"end":{"line":40,"column":5}},"line":33},"4":{"name":"(anonymous_4)","decl":{"start":{"line":42,"column":4},"end":{"line":42,"column":5}},"loc":{"start":{"line":42,"column":15},"end":{"line":47,"column":5}},"line":42},"5":{"name":"(anonymous_5)","decl":{"start":{"line":49,"column":4},"end":{"line":49,"column":5}},"loc":{"start":{"line":49,"column":24},"end":{"line":57,"column":5}},"line":49}},"branchMap":{"0":{"loc":{"start":{"line":52,"column":12},"end":{"line":54,"column":13}},"type":"if","locations":[{"start":{"line":52,"column":12},"end":{"line":54,"column":13}},{"start":{},"end":{}}],"line":52}},"s":{"0":1,"1":1,"2":1,"3":1,"4":1,"5":1,"6":5,"7":5,"8":5,"9":25,"10":25,"11":5,"12":4,"13":4,"14":4,"15":20,"16":4,"17":4,"18":4,"19":4,"20":20,"21":20,"22":4,"23":2,"24":6,"25":6,"26":3,"27":7,"28":7,"29":1,"30":2},"f":{"0":1,"1":5,"2":4,"3":4,"4":2,"5":3},"b":{"0":[1,6]},"inputSourceMap":null,"_coverageSchema":"1a1c01bbd47fc00a2c39e90264f33305004495a9","hash":"086c653f062594119d644ada580c61d4c59366fc"}
,"/workspaces/in-memory/src/data-structures/hash-table.mjs": {"path":"/workspaces/in-memory/src/data-structures/hash-table.mjs","statementMap":{"0":{"start":{"line":4,"column":18},"end":{"line":4,"column":37}},"1":{"start":{"line":5,"column":35},"end":{"line":5,"column":71}},"2":{"start":{"line":11,"column":8},"end":{"line":11,"column":24}},"3":{"start":{"line":15,"column":26},"end":{"line":15,"column":52}},"4":{"start":{"line":16,"column":8},"end":{"line":18,"column":9}},"5":{"start":{"line":17,"column":12},"end":{"line":17,"column":50}},"6":{"start":{"line":20,"column":27},"end":{"line":20,"column":93}},"7":{"start":{"line":21,"column":8},"end":{"line":21,"column":70}},"8":{"start":{"line":23,"column":8},"end":{"line":23,"column":85}},"9":{"start":{"line":23,"column":36},"end":{"line":23,"column":85}},"10":{"start":{"line":27,"column":26},"end":{"line":27,"column":52}},"11":{"start":{"line":28,"column":8},"end":{"line":28,"column":52}},"12":{"start":{"line":28,"column":41},"end":{"line":28,"column":52}},"13":{"start":{"line":29,"column":31},"end":{"line":29,"column":68}},"14":{"start":{"line":30,"column":8},"end":{"line":30,"column":42}},"15":{"start":{"line":30,"column":30},"end":{"line":30,"column":42}},"16":{"start":{"line":31,"column":8},"end":{"line":31,"column":24}},"17":{"start":{"line":32,"column":8},"end":{"line":32,"column":19}},"18":{"start":{"line":36,"column":8},"end":{"line":36,"column":24}},"19":{"start":{"line":40,"column":26},"end":{"line":40,"column":52}},"20":{"start":{"line":41,"column":8},"end":{"line":41,"column":81}},"21":{"start":{"line":45,"column":8},"end":{"line":45,"column":95}},"22":{"start":{"line":49,"column":26},"end":{"line":49,"column":52}},"23":{"start":{"line":50,"column":8},"end":{"line":50,"column":47}},"24":{"start":{"line":50,"column":41},"end":{"line":50,"column":47}},"25":{"start":{"line":51,"column":8},"end":{"line":51,"column":42}},"26":{"start":{"line":52,"column":8},"end":{"line":52,"column":54}},"27":{"start":{"line":56,"column":8},"end":{"line":56,"column":46}},"28":{"start":{"line":60,"column":21},"end":{"line":60,"column":45}},"29":{"start":{"line":61,"column":8},"end":{"line":61,"column":103}},"30":{"start":{"line":61,"column":32},"end":{"line":61,"column":103}},"31":{"start":{"line":61,"column":65},"end":{"line":61,"column":102}},"32":{"start":{"line":65,"column":22},"end":{"line":65,"column":24}},"33":{"start":{"line":66,"column":21},"end":{"line":66,"column":45}},"34":{"start":{"line":67,"column":8},"end":{"line":69,"column":9}},"35":{"start":{"line":68,"column":12},"end":{"line":68,"column":99}},"36":{"start":{"line":68,"column":45},"end":{"line":68,"column":98}},"37":{"start":{"line":70,"column":8},"end":{"line":70,"column":20}},"38":{"start":{"line":74,"column":8},"end":{"line":74,"column":51}},"39":{"start":{"line":74,"column":27},"end":{"line":74,"column":43}}},"fnMap":{"0":{"name":"(anonymous_0)","decl":{"start":{"line":10,"column":4},"end":{"line":10,"column":5}},"loc":{"start":{"line":10,"column":18},"end":{"line":12,"column":5}},"line":10},"1":{"name":"(anonymous_1)","decl":{"start":{"line":14,"column":4},"end":{"line":14,"column":5}},"loc":{"start":{"line":14,"column":36},"end":{"line":24,"column":5}},"line":14},"2":{"name":"(anonymous_2)","decl":{"start":{"line":26,"column":4},"end":{"line":26,"column":5}},"loc":{"start":{"line":26,"column":13},"end":{"line":33,"column":5}},"line":26},"3":{"name":"(anonymous_3)","decl":{"start":{"line":35,"column":4},"end":{"line":35,"column":5}},"loc":{"start":{"line":35,"column":15},"end":{"line":37,"column":5}},"line":35},"4":{"name":"(anonymous_4)","decl":{"start":{"line":39,"column":4},"end":{"line":39,"column":5}},"loc":{"start":{"line":39,"column":13},"end":{"line":42,"column":5}},"line":39},"5":{"name":"(anonymous_5)","decl":{"start":{"line":44,"column":4},"end":{"line":44,"column":5}},"loc":{"start":{"line":44,"column":27},"end":{"line":46,"column":5}},"line":44},"6":{"name":"(anonymous_6)","decl":{"start":{"line":48,"column":4},"end":{"line":48,"column":5}},"loc":{"start":{"line":48,"column":16},"end":{"line":53,"column":5}},"line":48},"7":{"name":"(anonymous_7)","decl":{"start":{"line":55,"column":4},"end":{"line":55,"column":5}},"loc":{"start":{"line":55,"column":11},"end":{"line":57,"column":5}},"line":55},"8":{"name":"(anonymous_8)","decl":{"start":{"line":59,"column":4},"end":{"line":59,"column":5}},"loc":{"start":{"line":59,"column":24},"end":{"line":62,"column":5}},"line":59},"9":{"name":"(anonymous_9)","decl":{"start":{"line":61,"column":57},"end":{"line":61,"column":58}},"loc":{"start":{"line":61,"column":65},"end":{"line":61,"column":102}},"line":61},"10":{"name":"(anonymous_10)","decl":{"start":{"line":64,"column":4},"end":{"line":64,"column":5}},"loc":{"start":{"line":64,"column":14},"end":{"line":71,"column":5}},"line":64},"11":{"name":"(anonymous_11)","decl":{"start":{"line":68,"column":37},"end":{"line":68,"column":38}},"loc":{"start":{"line":68,"column":45},"end":{"line":68,"column":98}},"line":68},"12":{"name":"(anonymous_12)","decl":{"start":{"line":73,"column":4},"end":{"line":73,"column":5}},"loc":{"start":{"line":73,"column":43},"end":{"line":75,"column":5}},"line":73},"13":{"name":"(anonymous_13)","decl":{"start":{"line":74,"column":19},"end":{"line":74,"column":20}},"loc":{"start":{"line":74,"column":25},"end":{"line":74,"column":45}},"line":74}},"branchMap":{"0":{"loc":{"start":{"line":14,"column":20},"end":{"line":14,"column":34}},"type":"default-arg","locations":[{"start":{"line":14,"column":26},"end":{"line":14,"column":34}}],"line":14},"1":{"loc":{"start":{"line":16,"column":8},"end":{"line":18,"column":9}},"type":"if","locations":[{"start":{"line":16,"column":8},"end":{"line":18,"column":9}},{"start":{},"end":{}}],"line":16},"2":{"loc":{"start":{"line":16,"column":12},"end":{"line":16,"column":77}},"type":"binary-expr","locations":[{"start":{"line":16,"column":12},"end":{"line":16,"column":35}},{"start":{"line":16,"column":39},"end":{"line":16,"column":77}}],"line":16},"3":{"loc":{"start":{"line":20,"column":27},"end":{"line":20,"column":93}},"type":"cond-expr","locations":[{"start":{"line":20,"column":48},"end":{"line":20,"column":66}},{"start":{"line":20,"column":69},"end":{"line":20,"column":93}}],"line":20},"4":{"loc":{"start":{"line":23,"column":8},"end":{"line":23,"column":85}},"type":"if","locations":[{"start":{"line":23,"column":8},"end":{"line":23,"column":85}},{"start":{},"end":{}}],"line":23},"5":{"loc":{"start":{"line":28,"column":8},"end":{"line":28,"column":52}},"type":"if","locations":[{"start":{"line":28,"column":8},"end":{"line":28,"column":52}},{"start":{},"end":{}}],"line":28},"6":{"loc":{"start":{"line":30,"column":8},"end":{"line":30,"column":42}},"type":"if","locations":[{"start":{"line":30,"column":8},"end":{"line":30,"column":42}},{"start":{},"end":{}}],"line":30},"7":{"loc":{"start":{"line":41,"column":15},"end":{"line":41,"column":81}},"type":"binary-expr","locations":[{"start":{"line":41,"column":15},"end":{"line":41,"column":41}},{"start":{"line":41,"column":45},"end":{"line":41,"column":81}}],"line":41},"8":{"loc":{"start":{"line":45,"column":15},"end":{"line":45,"column":95}},"type":"binary-expr","locations":[{"start":{"line":45,"column":15},"end":{"line":45,"column":50}},{"start":{"line":45,"column":54},"end":{"line":45,"column":95}}],"line":45},"9":{"loc":{"start":{"line":50,"column":8},"end":{"line":50,"column":47}},"type":"if","locations":[{"start":{"line":50,"column":8},"end":{"line":50,"column":47}},{"start":{},"end":{}}],"line":50}},"s":{"0":1,"1":1,"2":6,"3":10,"4":10,"5":10,"6":10,"7":10,"8":10,"9":1,"10":4,"11":4,"12":2,"13":2,"14":2,"15":2,"16":0,"17":0,"18":2,"19":3,"20":3,"21":9,"22":2,"23":2,"24":0,"25":2,"26":2,"27":3,"28":0,"29":0,"30":0,"31":0,"32":1,"33":1,"34":1,"35":2,"36":2,"37":1,"38":1,"39":0},"f":{"0":6,"1":10,"2":4,"3":2,"4":3,"5":9,"6":2,"7":3,"8":0,"9":0,"10":1,"11":2,"12":1,"13":0},"b":{"0":[9],"1":[10,0],"2":[10,0],"3":[0,10],"4":[1,9],"5":[2,2],"6":[2,0],"7":[3,1],"8":[9,5],"9":[0,2]},"inputSourceMap":null,"_coverageSchema":"1a1c01bbd47fc00a2c39e90264f33305004495a9","hash":"b31953114aeab5990f26621683fb664837c3dce5"}
,"/workspaces/in-memory/src/data-structures/linked-list.mjs": {"path":"/workspaces/in-memory/src/data-structures/linked-list.mjs","statementMap":{"0":{"start":{"line":3,"column":4},"end":{"line":3,"column":21}},"1":{"start":{"line":4,"column":4},"end":{"line":4,"column":23}},"2":{"start":{"line":5,"column":4},"end":{"line":5,"column":29}},"3":{"start":{"line":11,"column":4},"end":{"line":11,"column":17}},"4":{"start":{"line":12,"column":4},"end":{"line":12,"column":20}},"5":{"start":{"line":13,"column":4},"end":{"line":13,"column":20}},"6":{"start":{"line":17,"column":20},"end":{"line":17,"column":52}},"7":{"start":{"line":18,"column":4},"end":{"line":20,"column":5}},"8":{"start":{"line":19,"column":6},"end":{"line":19,"column":34}},"9":{"start":{"line":21,"column":4},"end":{"line":21,"column":23}},"10":{"start":{"line":22,"column":4},"end":{"line":22,"column":36}},"11":{"start":{"line":23,"column":4},"end":{"line":23,"column":15}},"12":{"start":{"line":27,"column":20},"end":{"line":27,"column":52}},"13":{"start":{"line":28,"column":4},"end":{"line":30,"column":5}},"14":{"start":{"line":29,"column":6},"end":{"line":29,"column":30}},"15":{"start":{"line":31,"column":4},"end":{"line":31,"column":23}},"16":{"start":{"line":32,"column":4},"end":{"line":32,"column":36}},"17":{"start":{"line":33,"column":4},"end":{"line":33,"column":15}},"18":{"start":{"line":37,"column":4},"end":{"line":40,"column":5}},"19":{"start":{"line":38,"column":6},"end":{"line":38,"column":32}},"20":{"start":{"line":39,"column":6},"end":{"line":39,"column":12}},"21":{"start":{"line":41,"column":4},"end":{"line":44,"column":5}},"22":{"start":{"line":42,"column":6},"end":{"line":42,"column":32}},"23":{"start":{"line":43,"column":6},"end":{"line":43,"column":12}},"24":{"start":{"line":45,"column":20},"end":{"line":45,"column":39}},"25":{"start":{"line":46,"column":4},"end":{"line":46,"column":24}},"26":{"start":{"line":46,"column":18},"end":{"line":46,"column":24}},"27":{"start":{"line":47,"column":4},"end":{"line":47,"column":28}},"28":{"start":{"line":51,"column":18},"end":{"line":51,"column":27}},"29":{"start":{"line":52,"column":4},"end":{"line":55,"column":5}},"30":{"start":{"line":53,"column":6},"end":{"line":53,"column":47}},"31":{"start":{"line":53,"column":33},"end":{"line":53,"column":47}},"32":{"start":{"line":54,"column":6},"end":{"line":54,"column":28}},"33":{"start":{"line":56,"column":4},"end":{"line":56,"column":15}},"34":{"start":{"line":61,"column":4},"end":{"line":67,"column":5}},"35":{"start":{"line":62,"column":19},"end":{"line":62,"column":34}},"36":{"start":{"line":63,"column":6},"end":{"line":63,"column":58}},"37":{"start":{"line":63,"column":38},"end":{"line":63,"column":58}},"38":{"start":{"line":64,"column":6},"end":{"line":64,"column":22}},"39":{"start":{"line":65,"column":6},"end":{"line":65,"column":17}},"40":{"start":{"line":66,"column":6},"end":{"line":66,"column":12}},"41":{"start":{"line":69,"column":4},"end":{"line":75,"column":5}},"42":{"start":{"line":70,"column":23},"end":{"line":70,"column":42}},"43":{"start":{"line":71,"column":6},"end":{"line":71,"column":26}},"44":{"start":{"line":72,"column":6},"end":{"line":72,"column":26}},"45":{"start":{"line":73,"column":6},"end":{"line":73,"column":17}},"46":{"start":{"line":74,"column":6},"end":{"line":74,"column":12}},"47":{"start":{"line":77,"column":20},"end":{"line":77,"column":35}},"48":{"start":{"line":78,"column":4},"end":{"line":78,"column":25}},"49":{"start":{"line":78,"column":18},"end":{"line":78,"column":25}},"50":{"start":{"line":80,"column":4},"end":{"line":80,"column":63}},"51":{"start":{"line":80,"column":26},"end":{"line":80,"column":63}},"52":{"start":{"line":81,"column":4},"end":{"line":81,"column":63}},"53":{"start":{"line":81,"column":22},"end":{"line":81,"column":63}},"54":{"start":{"line":82,"column":4},"end":{"line":82,"column":23}},"55":{"start":{"line":83,"column":4},"end":{"line":83,"column":27}},"56":{"start":{"line":85,"column":4},"end":{"line":85,"column":15}},"57":{"start":{"line":89,"column":22},"end":{"line":89,"column":31}},"58":{"start":{"line":90,"column":4},"end":{"line":93,"column":5}},"59":{"start":{"line":91,"column":6},"end":{"line":91,"column":35}},"60":{"start":{"line":92,"column":6},"end":{"line":92,"column":37}}},"fnMap":{"0":{"name":"(anonymous_0)","decl":{"start":{"line":2,"column":2},"end":{"line":2,"column":3}},"loc":{"start":{"line":2,"column":37},"end":{"line":6,"column":3}},"line":2},"1":{"name":"(anonymous_1)","decl":{"start":{"line":10,"column":2},"end":{"line":10,"column":3}},"loc":{"start":{"line":10,"column":16},"end":{"line":14,"column":3}},"line":10},"2":{"name":"(anonymous_2)","decl":{"start":{"line":16,"column":2},"end":{"line":16,"column":3}},"loc":{"start":{"line":16,"column":17},"end":{"line":24,"column":3}},"line":16},"3":{"name":"(anonymous_3)","decl":{"start":{"line":26,"column":2},"end":{"line":26,"column":3}},"loc":{"start":{"line":26,"column":16},"end":{"line":34,"column":3}},"line":26},"4":{"name":"(anonymous_4)","decl":{"start":{"line":36,"column":2},"end":{"line":36,"column":3}},"loc":{"start":{"line":36,"column":29},"end":{"line":48,"column":3}},"line":36},"5":{"name":"(anonymous_5)","decl":{"start":{"line":50,"column":2},"end":{"line":50,"column":3}},"loc":{"start":{"line":50,"column":13},"end":{"line":57,"column":3}},"line":50},"6":{"name":"(anonymous_6)","decl":{"start":{"line":59,"column":2},"end":{"line":59,"column":3}},"loc":{"start":{"line":59,"column":15},"end":{"line":86,"column":3}},"line":59},"7":{"name":"(anonymous_7)","decl":{"start":{"line":88,"column":2},"end":{"line":88,"column":3}},"loc":{"start":{"line":88,"column":22},"end":{"line":94,"column":3}},"line":88}},"branchMap":{"0":{"loc":{"start":{"line":18,"column":4},"end":{"line":20,"column":5}},"type":"if","locations":[{"start":{"line":18,"column":4},"end":{"line":20,"column":5}},{"start":{},"end":{}}],"line":18},"1":{"loc":{"start":{"line":22,"column":16},"end":{"line":22,"column":36}},"type":"binary-expr","locations":[{"start":{"line":22,"column":16},"end":{"line":22,"column":25}},{"start":{"line":22,"column":29},"end":{"line":22,"column":36}}],"line":22},"2":{"loc":{"start":{"line":28,"column":4},"end":{"line":30,"column":5}},"type":"if","locations":[{"start":{"line":28,"column":4},"end":{"line":30,"column":5}},{"start":{},"end":{}}],"line":28},"3":{"loc":{"start":{"line":32,"column":16},"end":{"line":32,"column":36}},"type":"binary-expr","locations":[{"start":{"line":32,"column":16},"end":{"line":32,"column":25}},{"start":{"line":32,"column":29},"end":{"line":32,"column":36}}],"line":32},"4":{"loc":{"start":{"line":37,"column":4},"end":{"line":40,"column":5}},"type":"if","locations":[{"start":{"line":37,"column":4},"end":{"line":40,"column":5}},{"start":{},"end":{}}],"line":37},"5":{"loc":{"start":{"line":41,"column":4},"end":{"line":44,"column":5}},"type":"if","locations":[{"start":{"line":41,"column":4},"end":{"line":44,"column":5}},{"start":{},"end":{}}],"line":41},"6":{"loc":{"start":{"line":46,"column":4},"end":{"line":46,"column":24}},"type":"if","locations":[{"start":{"line":46,"column":4},"end":{"line":46,"column":24}},{"start":{},"end":{}}],"line":46},"7":{"loc":{"start":{"line":53,"column":6},"end":{"line":53,"column":47}},"type":"if","locations":[{"start":{"line":53,"column":6},"end":{"line":53,"column":47}},{"start":{},"end":{}}],"line":53},"8":{"loc":{"start":{"line":61,"column":4},"end":{"line":67,"column":5}},"type":"if","locations":[{"start":{"line":61,"column":4},"end":{"line":67,"column":5}},{"start":{},"end":{}}],"line":61},"9":{"loc":{"start":{"line":63,"column":6},"end":{"line":63,"column":58}},"type":"if","locations":[{"start":{"line":63,"column":6},"end":{"line":63,"column":58}},{"start":{},"end":{}}],"line":63},"10":{"loc":{"start":{"line":63,"column":10},"end":{"line":63,"column":36}},"type":"binary-expr","locations":[{"start":{"line":63,"column":10},"end":{"line":63,"column":14}},{"start":{"line":63,"column":18},"end":{"line":63,"column":36}}],"line":63},"11":{"loc":{"start":{"line":69,"column":4},"end":{"line":75,"column":5}},"type":"if","locations":[{"start":{"line":69,"column":4},"end":{"line":75,"column":5}},{"start":{},"end":{}}],"line":69},"12":{"loc":{"start":{"line":78,"column":4},"end":{"line":78,"column":25}},"type":"if","locations":[{"start":{"line":78,"column":4},"end":{"line":78,"column":25}},{"start":{},"end":{}}],"line":78},"13":{"loc":{"start":{"line":80,"column":4},"end":{"line":80,"column":63}},"type":"if","locations":[{"start":{"line":80,"column":4},"end":{"line":80,"column":63}},{"start":{},"end":{}}],"line":80},"14":{"loc":{"start":{"line":81,"column":4},"end":{"line":81,"column":63}},"type":"if","locations":[{"start":{"line":81,"column":4},"end":{"line":81,"column":63}},{"start":{},"end":{}}],"line":81}},"s":{"0":38,"1":38,"2":38,"3":21,"4":21,"5":21,"6":12,"7":12,"8":6,"9":12,"10":12,"11":12,"12":26,"13":26,"14":16,"15":26,"16":26,"17":26,"18":4,"19":1,"20":1,"21":3,"22":1,"23":1,"24":2,"25":2,"26":1,"27":1,"28":16,"29":16,"30":43,"31":10,"32":33,"33":6,"34":10,"35":7,"36":7,"37":5,"38":7,"39":7,"40":7,"41":3,"42":1,"43":1,"44":1,"45":1,"46":1,"47":2,"48":2,"49":0,"50":2,"51":2,"52":2,"53":2,"54":2,"55":2,"56":2,"57":21,"58":21,"59":31,"60":31},"f":{"0":38,"1":21,"2":12,"3":26,"4":4,"5":16,"6":10,"7":21},"b":{"0":[6,6],"1":[12,6],"2":[16,10],"3":[26,10],"4":[1,3],"5":[1,2],"6":[1,1],"7":[10,33],"8":[7,3],"9":[5,2],"10":[7,5],"11":[1,2],"12":[0,2],"13":[2,0],"14":[2,0]},"inputSourceMap":null,"_coverageSchema":"1a1c01bbd47fc00a2c39e90264f33305004495a9","hash":"5f82af56a5cce3ca0e78144b34c39ccea2c4cd44"}
,"/workspaces/in-memory/src/data-structures/list.mjs": {"path":"/workspaces/in-memory/src/data-structures/list.mjs","statementMap":{"0":{"start":{"line":5,"column":8},"end":{"line":5,"column":23}},"1":{"start":{"line":9,"column":8},"end":{"line":9,"column":30}},"2":{"start":{"line":10,"column":8},"end":{"line":10,"column":40}},"3":{"start":{"line":14,"column":8},"end":{"line":14,"column":62}},"4":{"start":{"line":18,"column":8},"end":{"line":18,"column":49}},"5":{"start":{"line":18,"column":38},"end":{"line":18,"column":48}},"6":{"start":{"line":22,"column":8},"end":{"line":22,"column":49}},"7":{"start":{"line":22,"column":38},"end":{"line":22,"column":48}},"8":{"start":{"line":26,"column":8},"end":{"line":26,"column":25}},"9":{"start":{"line":30,"column":8},"end":{"line":30,"column":32}}},"fnMap":{"0":{"name":"(anonymous_0)","decl":{"start":{"line":4,"column":4},"end":{"line":4,"column":5}},"loc":{"start":{"line":4,"column":18},"end":{"line":6,"column":5}},"line":4},"1":{"name":"(anonymous_1)","decl":{"start":{"line":8,"column":4},"end":{"line":8,"column":5}},"loc":{"start":{"line":8,"column":15},"end":{"line":11,"column":5}},"line":8},"2":{"name":"(anonymous_2)","decl":{"start":{"line":13,"column":4},"end":{"line":13,"column":5}},"loc":{"start":{"line":13,"column":18},"end":{"line":15,"column":5}},"line":13},"3":{"name":"(anonymous_3)","decl":{"start":{"line":17,"column":4},"end":{"line":17,"column":5}},"loc":{"start":{"line":17,"column":16},"end":{"line":19,"column":5}},"line":17},"4":{"name":"(anonymous_4)","decl":{"start":{"line":18,"column":31},"end":{"line":18,"column":32}},"loc":{"start":{"line":18,"column":38},"end":{"line":18,"column":48}},"line":18},"5":{"name":"(anonymous_5)","decl":{"start":{"line":21,"column":4},"end":{"line":21,"column":5}},"loc":{"start":{"line":21,"column":15},"end":{"line":23,"column":5}},"line":21},"6":{"name":"(anonymous_6)","decl":{"start":{"line":22,"column":31},"end":{"line":22,"column":32}},"loc":{"start":{"line":22,"column":38},"end":{"line":22,"column":48}},"line":22},"7":{"name":"(anonymous_7)","decl":{"start":{"line":25,"column":4},"end":{"line":25,"column":5}},"loc":{"start":{"line":25,"column":10},"end":{"line":27,"column":5}},"line":25},"8":{"name":"(anonymous_8)","decl":{"start":{"line":29,"column":4},"end":{"line":29,"column":5}},"loc":{"start":{"line":29,"column":15},"end":{"line":31,"column":5}},"line":29}},"branchMap":{},"s":{"0":6,"1":11,"2":11,"3":3,"4":2,"5":3,"6":2,"7":3,"8":5,"9":7},"f":{"0":6,"1":11,"2":3,"3":2,"4":3,"5":2,"6":3,"7":5,"8":7},"b":{},"inputSourceMap":null,"_coverageSchema":"1a1c01bbd47fc00a2c39e90264f33305004495a9","hash":"b60985e4f8dd71f47220e423cd8c073ee558a1aa"}
,"/workspaces/in-memory/src/data-structures/queue.mjs": {"path":"/workspaces/in-memory/src/data-structures/queue.mjs","statementMap":{"0":{"start":{"line":7,"column":4},"end":{"line":7,"column":33}},"1":{"start":{"line":11,"column":4},"end":{"line":11,"column":28}},"2":{"start":{"line":15,"column":18},"end":{"line":15,"column":40}},"3":{"start":{"line":16,"column":4},"end":{"line":16,"column":28}},"4":{"start":{"line":17,"column":4},"end":{"line":17,"column":16}},"5":{"start":{"line":21,"column":4},"end":{"line":21,"column":33}},"6":{"start":{"line":25,"column":4},"end":{"line":25,"column":26}},"7":{"start":{"line":29,"column":18},"end":{"line":29,"column":20}},"8":{"start":{"line":30,"column":4},"end":{"line":30,"column":50}},"9":{"start":{"line":30,"column":32},"end":{"line":30,"column":49}},"10":{"start":{"line":31,"column":4},"end":{"line":31,"column":16}}},"fnMap":{"0":{"name":"(anonymous_0)","decl":{"start":{"line":6,"column":2},"end":{"line":6,"column":3}},"loc":{"start":{"line":6,"column":16},"end":{"line":8,"column":3}},"line":6},"1":{"name":"(anonymous_1)","decl":{"start":{"line":10,"column":2},"end":{"line":10,"column":3}},"loc":{"start":{"line":10,"column":17},"end":{"line":12,"column":3}},"line":10},"2":{"name":"(anonymous_2)","decl":{"start":{"line":14,"column":2},"end":{"line":14,"column":3}},"loc":{"start":{"line":14,"column":12},"end":{"line":18,"column":3}},"line":14},"3":{"name":"(anonymous_3)","decl":{"start":{"line":20,"column":2},"end":{"line":20,"column":3}},"loc":{"start":{"line":20,"column":10},"end":{"line":22,"column":3}},"line":20},"4":{"name":"(anonymous_4)","decl":{"start":{"line":24,"column":2},"end":{"line":24,"column":3}},"loc":{"start":{"line":24,"column":13},"end":{"line":26,"column":3}},"line":24},"5":{"name":"(anonymous_5)","decl":{"start":{"line":28,"column":2},"end":{"line":28,"column":3}},"loc":{"start":{"line":28,"column":12},"end":{"line":32,"column":3}},"line":28},"6":{"name":"(anonymous_6)","decl":{"start":{"line":30,"column":23},"end":{"line":30,"column":24}},"loc":{"start":{"line":30,"column":32},"end":{"line":30,"column":49}},"line":30}},"branchMap":{},"s":{"0":6,"1":10,"2":3,"3":3,"4":3,"5":1,"6":8,"7":7,"8":7,"9":6,"10":7},"f":{"0":6,"1":10,"2":3,"3":1,"4":8,"5":7,"6":6},"b":{},"inputSourceMap":null,"_coverageSchema":"1a1c01bbd47fc00a2c39e90264f33305004495a9","hash":"ebcc70afd01d244c35888ac6398af53a78c07b14"}
,"/workspaces/in-memory/src/data-structures/stack.mjs": {"path":"/workspaces/in-memory/src/data-structures/stack.mjs","statementMap":{"0":{"start":{"line":7,"column":4},"end":{"line":7,"column":33}},"1":{"start":{"line":11,"column":4},"end":{"line":11,"column":29}},"2":{"start":{"line":15,"column":18},"end":{"line":15,"column":40}},"3":{"start":{"line":16,"column":4},"end":{"line":16,"column":28}},"4":{"start":{"line":17,"column":4},"end":{"line":17,"column":16}},"5":{"start":{"line":21,"column":4},"end":{"line":21,"column":33}},"6":{"start":{"line":25,"column":4},"end":{"line":25,"column":26}},"7":{"start":{"line":29,"column":18},"end":{"line":29,"column":20}},"8":{"start":{"line":30,"column":4},"end":{"line":30,"column":50}},"9":{"start":{"line":30,"column":32},"end":{"line":30,"column":49}},"10":{"start":{"line":31,"column":4},"end":{"line":31,"column":16}}},"fnMap":{"0":{"name":"(anonymous_0)","decl":{"start":{"line":6,"column":2},"end":{"line":6,"column":3}},"loc":{"start":{"line":6,"column":16},"end":{"line":8,"column":3}},"line":6},"1":{"name":"(anonymous_1)","decl":{"start":{"line":10,"column":2},"end":{"line":10,"column":3}},"loc":{"start":{"line":10,"column":13},"end":{"line":12,"column":3}},"line":10},"2":{"name":"(anonymous_2)","decl":{"start":{"line":14,"column":2},"end":{"line":14,"column":3}},"loc":{"start":{"line":14,"column":8},"end":{"line":18,"column":3}},"line":14},"3":{"name":"(anonymous_3)","decl":{"start":{"line":20,"column":2},"end":{"line":20,"column":3}},"loc":{"start":{"line":20,"column":10},"end":{"line":22,"column":3}},"line":20},"4":{"name":"(anonymous_4)","decl":{"start":{"line":24,"column":2},"end":{"line":24,"column":3}},"loc":{"start":{"line":24,"column":13},"end":{"line":26,"column":3}},"line":24},"5":{"name":"(anonymous_5)","decl":{"start":{"line":28,"column":2},"end":{"line":28,"column":3}},"loc":{"start":{"line":28,"column":12},"end":{"line":32,"column":3}},"line":28},"6":{"name":"(anonymous_6)","decl":{"start":{"line":30,"column":23},"end":{"line":30,"column":24}},"loc":{"start":{"line":30,"column":32},"end":{"line":30,"column":49}},"line":30}},"branchMap":{},"s":{"0":6,"1":10,"2":3,"3":3,"4":3,"5":1,"6":8,"7":7,"8":7,"9":6,"10":7},"f":{"0":6,"1":10,"2":3,"3":1,"4":8,"5":7,"6":6},"b":{},"inputSourceMap":null,"_coverageSchema":"1a1c01bbd47fc00a2c39e90264f33305004495a9","hash":"026648a07a2f9d608aac2a344e78d327f1bcc36e"}
,"/workspaces/in-memory/src/shareds/app-response.mjs": {"path":"/workspaces/in-memory/src/shareds/app-response.mjs","statementMap":{"0":{"start":{"line":3,"column":8},"end":{"line":3,"column":24}},"1":{"start":{"line":4,"column":8},"end":{"line":4,"column":26}},"2":{"start":{"line":8,"column":8},"end":{"line":8,"column":20}},"3":{"start":{"line":12,"column":8},"end":{"line":12,"column":19}},"4":{"start":{"line":19,"column":8},"end":{"line":19,"column":24}},"5":{"start":{"line":20,"column":8},"end":{"line":20,"column":27}},"6":{"start":{"line":24,"column":8},"end":{"line":24,"column":19}},"7":{"start":{"line":28,"column":8},"end":{"line":28,"column":20}}},"fnMap":{"0":{"name":"(anonymous_0)","decl":{"start":{"line":2,"column":4},"end":{"line":2,"column":5}},"loc":{"start":{"line":2,"column":21},"end":{"line":5,"column":5}},"line":2},"1":{"name":"(anonymous_1)","decl":{"start":{"line":7,"column":4},"end":{"line":7,"column":5}},"loc":{"start":{"line":7,"column":11},"end":{"line":9,"column":5}},"line":7},"2":{"name":"(anonymous_2)","decl":{"start":{"line":11,"column":4},"end":{"line":11,"column":5}},"loc":{"start":{"line":11,"column":14},"end":{"line":13,"column":5}},"line":11},"3":{"name":"(anonymous_3)","decl":{"start":{"line":18,"column":4},"end":{"line":18,"column":5}},"loc":{"start":{"line":18,"column":22},"end":{"line":21,"column":5}},"line":18},"4":{"name":"(anonymous_4)","decl":{"start":{"line":23,"column":4},"end":{"line":23,"column":5}},"loc":{"start":{"line":23,"column":11},"end":{"line":25,"column":5}},"line":23},"5":{"name":"(anonymous_5)","decl":{"start":{"line":27,"column":4},"end":{"line":27,"column":5}},"loc":{"start":{"line":27,"column":14},"end":{"line":29,"column":5}},"line":27}},"branchMap":{},"s":{"0":3,"1":3,"2":1,"3":1,"4":3,"5":3,"6":1,"7":1},"f":{"0":3,"1":1,"2":1,"3":3,"4":1,"5":1},"b":{},"inputSourceMap":null,"_coverageSchema":"1a1c01bbd47fc00a2c39e90264f33305004495a9","hash":"763f68e8546332855086190ae2b63e0e256ccfdd"}
,"/workspaces/in-memory/src/shareds/helpers.mjs": {"path":"/workspaces/in-memory/src/shareds/helpers.mjs","statementMap":{"0":{"start":{"line":4,"column":4},"end":{"line":4,"column":28}},"1":{"start":{"line":8,"column":4},"end":{"line":8,"column":28}},"2":{"start":{"line":12,"column":4},"end":{"line":12,"column":29}},"3":{"start":{"line":16,"column":4},"end":{"line":16,"column":29}},"4":{"start":{"line":20,"column":4},"end":{"line":20,"column":29}},"5":{"start":{"line":24,"column":4},"end":{"line":24,"column":30}},"6":{"start":{"line":28,"column":4},"end":{"line":28,"column":31}},"7":{"start":{"line":32,"column":4},"end":{"line":37,"column":5}},"8":{"start":{"line":33,"column":8},"end":{"line":33,"column":24}},"9":{"start":{"line":34,"column":8},"end":{"line":34,"column":20}},"10":{"start":{"line":36,"column":8},"end":{"line":36,"column":21}},"11":{"start":{"line":40,"column":22},"end":{"line":49,"column":1}}},"fnMap":{"0":{"name":"objHas","decl":{"start":{"line":3,"column":9},"end":{"line":3,"column":15}},"loc":{"start":{"line":3,"column":27},"end":{"line":5,"column":1}},"line":3},"1":{"name":"isEmpty","decl":{"start":{"line":7,"column":9},"end":{"line":7,"column":16}},"loc":{"start":{"line":7,"column":24},"end":{"line":9,"column":1}},"line":7},"2":{"name":"isString","decl":{"start":{"line":11,"column":9},"end":{"line":11,"column":17}},"loc":{"start":{"line":11,"column":25},"end":{"line":13,"column":1}},"line":11},"3":{"name":"isNumber","decl":{"start":{"line":15,"column":9},"end":{"line":15,"column":17}},"loc":{"start":{"line":15,"column":25},"end":{"line":17,"column":1}},"line":15},"4":{"name":"isObject","decl":{"start":{"line":19,"column":9},"end":{"line":19,"column":17}},"loc":{"start":{"line":19,"column":25},"end":{"line":21,"column":1}},"line":19},"5":{"name":"isBoolean","decl":{"start":{"line":23,"column":9},"end":{"line":23,"column":18}},"loc":{"start":{"line":23,"column":26},"end":{"line":25,"column":1}},"line":23},"6":{"name":"capitalize","decl":{"start":{"line":27,"column":9},"end":{"line":27,"column":19}},"loc":{"start":{"line":27,"column":27},"end":{"line":29,"column":1}},"line":27},"7":{"name":"isValidJSON","decl":{"start":{"line":31,"column":9},"end":{"line":31,"column":20}},"loc":{"start":{"line":31,"column":26},"end":{"line":38,"column":1}},"line":31}},"branchMap":{},"s":{"0":2,"1":6,"2":4,"3":4,"4":4,"5":5,"6":3,"7":3,"8":3,"9":1,"10":2,"11":1},"f":{"0":2,"1":6,"2":4,"3":4,"4":4,"5":5,"6":3,"7":3},"b":{},"inputSourceMap":null,"_coverageSchema":"1a1c01bbd47fc00a2c39e90264f33305004495a9","hash":"367336da848279427adeccaa2f98ac340177b478"}
}
