TN:
SF:src/commands/bf/bf-add.js
FN:8,bloomFilterAddCommand
FNF:1
FNH:1
FNDA:3,bloomFilterAddCommand
DA:9,3
DA:10,1
DA:12,2
DA:13,1
DA:16,1
DA:17,1
DA:19,1
DA:20,1
DA:23,1
DA:24,1
LF:10
LH:10
BRDA:9,0,0,1
BRDA:9,0,1,2
BRDA:12,1,0,1
BRDA:12,1,1,1
BRDA:16,2,0,1
BRDA:16,2,1,1
BRDA:17,3,0,1
BRDA:17,3,1,1
BRDA:19,4,0,1
BRDA:19,4,1,0
BRF:10
BRH:9
end_of_record
TN:
SF:src/commands/bf/bf-exists.js
FN:8,bloomFilterExistCommand
FNF:1
FNH:1
FNDA:5,bloomFilterExistCommand
DA:9,5
DA:10,1
DA:12,4
DA:13,1
DA:16,3
DA:17,3
DA:19,3
DA:20,1
DA:23,2
DA:24,2
LF:10
LH:10
BRDA:9,0,0,1
BRDA:9,0,1,4
BRDA:12,1,0,1
BRDA:12,1,1,3
BRDA:16,2,0,3
BRDA:16,2,1,1
BRDA:17,3,0,3
BRDA:17,3,1,1
BRDA:19,4,0,1
BRDA:19,4,1,2
BRF:10
BRH:10
end_of_record
TN:
SF:src/commands/client/auth.js
FN:5,authCommand
FNF:1
FNH:1
FNDA:7,authCommand
DA:7,7
DA:8,1
DA:11,6
DA:12,1
DA:15,5
DA:16,2
DA:18,3
DA:19,2
DA:24,1
LF:9
LH:9
BRDA:5,0,0,0
BRDA:7,1,0,1
BRDA:7,1,1,6
BRDA:11,2,0,1
BRDA:11,2,1,5
BRDA:15,3,0,2
BRDA:15,3,1,3
BRDA:15,4,0,5
BRDA:15,4,1,4
BRDA:18,5,0,2
BRDA:18,5,1,1
BRDA:18,6,0,3
BRDA:18,6,1,2
BRF:13
BRH:12
end_of_record
TN:
SF:src/commands/hashes/h-del.js
FN:8,hashDelCommand
FNF:1
FNH:1
FNDA:5,hashDelCommand
DA:9,5
DA:10,1
DA:12,4
DA:13,1
DA:16,3
DA:17,3
DA:19,3
DA:20,1
DA:23,2
DA:24,2
LF:10
LH:10
BRDA:9,0,0,1
BRDA:9,0,1,4
BRDA:12,1,0,1
BRDA:12,1,1,3
BRDA:16,2,0,3
BRDA:16,2,1,1
BRDA:17,3,0,3
BRDA:17,3,1,1
BRDA:19,4,0,1
BRDA:19,4,1,2
BRF:10
BRH:10
end_of_record
TN:
SF:src/commands/hashes/h-exists.js
FN:8,hashExistsCommand
FNF:1
FNH:1
FNDA:5,hashExistsCommand
DA:9,5
DA:10,1
DA:12,4
DA:13,1
DA:16,3
DA:17,3
DA:19,3
DA:20,1
DA:23,2
DA:24,2
LF:10
LH:10
BRDA:9,0,0,1
BRDA:9,0,1,4
BRDA:12,1,0,1
BRDA:12,1,1,3
BRDA:16,2,0,3
BRDA:16,2,1,1
BRDA:17,3,0,3
BRDA:17,3,1,1
BRDA:19,4,0,1
BRDA:19,4,1,2
BRF:10
BRH:10
end_of_record
TN:
SF:src/commands/hashes/h-get-all.js
FN:8,hashGetAllCommand
FNF:1
FNH:1
FNDA:4,hashGetAllCommand
DA:9,4
DA:10,1
DA:13,3
DA:14,3
DA:16,3
DA:17,1
DA:20,2
DA:21,2
LF:8
LH:8
BRDA:9,0,0,1
BRDA:9,0,1,3
BRDA:13,1,0,3
BRDA:13,1,1,1
BRDA:14,2,0,3
BRDA:14,2,1,1
BRDA:16,3,0,1
BRDA:16,3,1,2
BRF:8
BRH:8
end_of_record
TN:
SF:src/commands/hashes/h-get.js
FN:8,hashGetCommand
FNF:1
FNH:1
FNDA:5,hashGetCommand
DA:9,5
DA:10,1
DA:12,4
DA:13,1
DA:16,3
DA:17,3
DA:19,3
DA:20,1
DA:23,2
DA:24,2
LF:10
LH:10
BRDA:9,0,0,1
BRDA:9,0,1,4
BRDA:12,1,0,1
BRDA:12,1,1,3
BRDA:16,2,0,3
BRDA:16,2,1,1
BRDA:17,3,0,3
BRDA:17,3,1,1
BRDA:19,4,0,1
BRDA:19,4,1,2
BRF:10
BRH:10
end_of_record
TN:
SF:src/commands/hashes/h-keys.js
FN:8,hashKeysCommand
FNF:1
FNH:1
FNDA:4,hashKeysCommand
DA:9,4
DA:10,1
DA:13,3
DA:14,3
DA:16,3
DA:17,1
DA:20,2
DA:21,2
LF:8
LH:8
BRDA:9,0,0,1
BRDA:9,0,1,3
BRDA:13,1,0,3
BRDA:13,1,1,1
BRDA:14,2,0,3
BRDA:14,2,1,1
BRDA:16,3,0,1
BRDA:16,3,1,2
BRF:8
BRH:8
end_of_record
TN:
SF:src/commands/hashes/h-len.js
FN:8,hashLenCommand
FNF:1
FNH:1
FNDA:4,hashLenCommand
DA:9,4
DA:10,1
DA:13,3
DA:14,3
DA:16,3
DA:17,1
DA:20,2
DA:21,2
LF:8
LH:8
BRDA:9,0,0,1
BRDA:9,0,1,3
BRDA:13,1,0,3
BRDA:13,1,1,1
BRDA:14,2,0,3
BRDA:14,2,1,1
BRDA:16,3,0,1
BRDA:16,3,1,2
BRF:8
BRH:8
end_of_record
TN:
SF:src/commands/hashes/h-set.js
FN:8,hashSetCommand
FNF:1
FNH:1
FNDA:5,hashSetCommand
DA:9,5
DA:10,1
DA:12,4
DA:13,1
DA:16,3
DA:17,3
DA:19,3
DA:20,1
DA:23,3
DA:24,3
LF:10
LH:10
BRDA:9,0,0,1
BRDA:9,0,1,4
BRDA:12,1,0,1
BRDA:12,1,1,3
BRDA:16,2,0,3
BRDA:16,2,1,1
BRDA:17,3,0,3
BRDA:17,3,1,1
BRDA:19,4,0,1
BRDA:19,4,1,2
BRF:10
BRH:10
end_of_record
TN:
SF:src/commands/strings/str-append.js
FN:7,appendCommand
FNF:1
FNH:1
FNDA:4,appendCommand
DA:8,4
DA:9,1
DA:11,3
DA:12,1
DA:15,2
DA:16,2
DA:17,2
DA:19,2
DA:20,2
DA:21,2
DA:23,2
LF:11
LH:11
BRDA:8,0,0,1
BRDA:8,0,1,3
BRDA:8,1,0,4
BRDA:8,1,1,3
BRDA:11,2,0,1
BRDA:11,2,1,2
BRDA:11,3,0,3
BRDA:11,3,1,2
BRDA:15,4,0,2
BRDA:15,4,1,0
BRDA:16,5,0,2
BRDA:16,5,1,0
BRDA:17,6,0,2
BRDA:17,6,1,1
BRF:14
BRH:12
end_of_record
TN:
SF:src/data-structures/bloom-filter.js
FN:10,(anonymous_0)
FN:15,(anonymous_1)
FN:24,(anonymous_2)
FN:33,(anonymous_3)
FN:42,(anonymous_4)
FN:49,(anonymous_5)
FNF:6
FNH:6
FNDA:4,(anonymous_0)
FNDA:10,(anonymous_1)
FNDA:9,(anonymous_2)
FNDA:8,(anonymous_3)
FNDA:4,(anonymous_4)
FNDA:6,(anonymous_5)
DA:1,3
DA:2,3
DA:3,3
DA:4,3
DA:11,4
DA:12,4
DA:16,10
DA:17,10
DA:18,57
DA:19,57
DA:21,10
DA:25,9
DA:26,9
DA:27,9
DA:28,52
DA:30,9
DA:34,8
DA:35,8
DA:36,44
DA:37,44
DA:39,8
DA:43,4
DA:44,12
DA:45,12
DA:50,6
DA:51,15
DA:52,15
DA:53,2
DA:56,4
LF:29
LH:29
BRDA:52,0,0,2
BRDA:52,0,1,13
BRF:2
BRH:2
end_of_record
TN:
SF:src/data-structures/custom-set.js
FN:2,(anonymous_0)
FNF:1
FNH:1
FNDA:4,(anonymous_0)
DA:3,4
LF:1
LH:1
BRDA:2,0,0,2
BRF:1
BRH:1
end_of_record
TN:
SF:src/data-structures/hash-table.js
FN:10,(anonymous_0)
FN:14,(anonymous_1)
FN:26,(anonymous_2)
FN:35,(anonymous_3)
FN:39,(anonymous_4)
FN:44,(anonymous_5)
FN:48,(anonymous_6)
FN:55,(anonymous_7)
FN:59,(anonymous_8)
FN:61,(anonymous_9)
FN:64,(anonymous_10)
FN:68,(anonymous_11)
FN:73,(anonymous_12)
FN:74,(anonymous_13)
FNF:14
FNH:11
FNDA:26,(anonymous_0)
FNDA:32,(anonymous_1)
FNDA:10,(anonymous_2)
FNDA:2,(anonymous_3)
FNDA:5,(anonymous_4)
FNDA:19,(anonymous_5)
FNDA:4,(anonymous_6)
FNDA:5,(anonymous_7)
FNDA:0,(anonymous_8)
FNDA:0,(anonymous_9)
FNDA:10,(anonymous_10)
FNDA:19,(anonymous_11)
FNDA:1,(anonymous_12)
FNDA:0,(anonymous_13)
DA:4,11
DA:5,11
DA:11,26
DA:15,32
DA:16,32
DA:17,32
DA:20,32
DA:21,32
DA:23,32
DA:27,10
DA:28,10
DA:29,6
DA:30,6
DA:31,0
DA:32,0
DA:36,2
DA:40,5
DA:41,5
DA:45,19
DA:49,4
DA:50,4
DA:51,3
DA:52,3
DA:56,5
DA:60,0
DA:61,0
DA:65,10
DA:66,10
DA:67,10
DA:68,19
DA:70,10
DA:74,1
LF:32
LH:28
BRDA:14,0,0,31
BRDA:16,1,0,32
BRDA:16,1,1,0
BRDA:16,2,0,32
BRDA:16,2,1,1
BRDA:20,3,0,0
BRDA:20,3,1,32
BRDA:23,4,0,1
BRDA:23,4,1,31
BRDA:28,5,0,4
BRDA:28,5,1,6
BRDA:30,6,0,6
BRDA:30,6,1,0
BRDA:41,7,0,5
BRDA:41,7,1,2
BRDA:45,8,0,19
BRDA:45,8,1,11
BRDA:50,9,0,1
BRDA:50,9,1,3
BRF:19
BRH:16
end_of_record
TN:
SF:src/data-structures/linked-list.js
FN:2,(anonymous_0)
FN:10,(anonymous_1)
FN:16,(anonymous_2)
FN:26,(anonymous_3)
FN:36,(anonymous_4)
FN:50,(anonymous_5)
FN:59,(anonymous_6)
FN:88,(anonymous_7)
FNF:8
FNH:8
FNDA:62,(anonymous_0)
FNDA:31,(anonymous_1)
FNDA:24,(anonymous_2)
FNDA:38,(anonymous_3)
FNDA:4,(anonymous_4)
FNDA:16,(anonymous_5)
FNDA:10,(anonymous_6)
FNDA:27,(anonymous_7)
DA:3,62
DA:4,62
DA:5,62
DA:11,31
DA:12,31
DA:13,31
DA:17,24
DA:18,24
DA:19,14
DA:21,24
DA:22,24
DA:23,24
DA:27,38
DA:28,38
DA:29,24
DA:31,38
DA:32,38
DA:33,38
DA:37,4
DA:38,1
DA:39,1
DA:41,3
DA:42,1
DA:43,1
DA:45,2
DA:46,2
DA:47,1
DA:51,16
DA:52,16
DA:53,43
DA:54,33
DA:56,6
DA:61,10
DA:62,7
DA:63,7
DA:64,7
DA:65,7
DA:66,7
DA:69,3
DA:70,1
DA:71,1
DA:72,1
DA:73,1
DA:74,1
DA:77,2
DA:78,2
DA:80,2
DA:81,2
DA:82,2
DA:83,2
DA:85,2
DA:89,27
DA:90,27
DA:91,49
DA:92,49
LF:55
LH:55
BRDA:18,0,0,14
BRDA:18,0,1,10
BRDA:22,1,0,24
BRDA:22,1,1,10
BRDA:28,2,0,24
BRDA:28,2,1,14
BRDA:32,3,0,38
BRDA:32,3,1,14
BRDA:37,4,0,1
BRDA:37,4,1,3
BRDA:41,5,0,1
BRDA:41,5,1,2
BRDA:46,6,0,1
BRDA:46,6,1,1
BRDA:53,7,0,10
BRDA:53,7,1,33
BRDA:61,8,0,7
BRDA:61,8,1,3
BRDA:63,9,0,5
BRDA:63,9,1,2
BRDA:63,10,0,7
BRDA:63,10,1,5
BRDA:69,11,0,1
BRDA:69,11,1,2
BRDA:78,12,0,0
BRDA:78,12,1,2
BRDA:80,13,0,2
BRDA:80,13,1,0
BRDA:81,14,0,2
BRDA:81,14,1,0
BRF:30
BRH:27
end_of_record
TN:
SF:src/data-structures/list.js
FN:4,(anonymous_0)
FN:8,(anonymous_1)
FN:13,(anonymous_2)
FN:17,(anonymous_3)
FN:18,(anonymous_4)
FN:21,(anonymous_5)
FN:22,(anonymous_6)
FN:25,(anonymous_7)
FN:29,(anonymous_8)
FN:33,(anonymous_9)
FN:37,(anonymous_10)
FN:41,(anonymous_11)
FN:45,(anonymous_12)
FNF:13
FNH:9
FNDA:11,(anonymous_0)
FNDA:23,(anonymous_1)
FNDA:3,(anonymous_2)
FNDA:2,(anonymous_3)
FNDA:3,(anonymous_4)
FNDA:2,(anonymous_5)
FNDA:3,(anonymous_6)
FNDA:10,(anonymous_7)
FNDA:0,(anonymous_8)
FNDA:0,(anonymous_9)
FNDA:0,(anonymous_10)
FNDA:0,(anonymous_11)
FNDA:8,(anonymous_12)
DA:5,11
DA:9,23
DA:10,23
DA:14,3
DA:18,3
DA:22,3
DA:26,10
DA:30,0
DA:34,0
DA:38,0
DA:42,0
DA:46,8
LF:12
LH:8
BRF:0
BRH:0
end_of_record
TN:
SF:src/data-structures/queue.js
FN:6,(anonymous_0)
FN:10,(anonymous_1)
FN:14,(anonymous_2)
FN:20,(anonymous_3)
FN:24,(anonymous_4)
FN:28,(anonymous_5)
FN:30,(anonymous_6)
FNF:7
FNH:7
FNDA:11,(anonymous_0)
FNDA:22,(anonymous_1)
FNDA:3,(anonymous_2)
FNDA:1,(anonymous_3)
FNDA:11,(anonymous_4)
FNDA:10,(anonymous_5)
FNDA:15,(anonymous_6)
DA:7,11
DA:11,22
DA:15,3
DA:16,3
DA:17,3
DA:21,1
DA:25,11
DA:29,10
DA:30,15
DA:31,10
LF:10
LH:10
BRF:0
BRH:0
end_of_record
TN:
SF:src/data-structures/stack.js
FN:6,(anonymous_0)
FN:10,(anonymous_1)
FN:14,(anonymous_2)
FN:20,(anonymous_3)
FN:24,(anonymous_4)
FN:28,(anonymous_5)
FN:30,(anonymous_6)
FNF:7
FNH:7
FNDA:11,(anonymous_0)
FNDA:22,(anonymous_1)
FNDA:3,(anonymous_2)
FNDA:1,(anonymous_3)
FNDA:11,(anonymous_4)
FNDA:10,(anonymous_5)
FNDA:15,(anonymous_6)
DA:7,11
DA:11,22
DA:15,3
DA:16,3
DA:17,3
DA:21,1
DA:25,11
DA:29,10
DA:30,15
DA:31,10
LF:10
LH:10
BRF:0
BRH:0
end_of_record
TN:
SF:src/shareds/app-response.js
FN:2,(anonymous_0)
FN:7,(anonymous_1)
FN:11,(anonymous_2)
FN:18,(anonymous_3)
FN:23,(anonymous_4)
FN:27,(anonymous_5)
FNF:6
FNH:6
FNDA:92,(anonymous_0)
FNDA:1,(anonymous_1)
FNDA:1,(anonymous_2)
FNDA:70,(anonymous_3)
FNDA:3,(anonymous_4)
FNDA:3,(anonymous_5)
DA:3,92
DA:4,92
DA:8,1
DA:12,1
DA:19,70
DA:20,70
DA:24,3
DA:28,3
LF:8
LH:8
BRF:0
BRH:0
end_of_record
TN:
SF:src/shareds/helpers.js
FN:3,objHas
FN:7,isEmpty
FN:11,isString
FN:15,isNumber
FN:19,isObject
FN:23,isBoolean
FN:27,capitalize
FN:31,isValidJSON
FNF:8
FNH:8
FNDA:15,objHas
FNDA:6,isEmpty
FNDA:84,isString
FNDA:4,isNumber
FNDA:4,isObject
FNDA:5,isBoolean
FNDA:3,capitalize
FNDA:3,isValidJSON
DA:4,15
DA:8,6
DA:12,84
DA:16,4
DA:20,4
DA:24,5
DA:28,3
DA:32,3
DA:33,3
DA:34,1
DA:36,2
DA:40,14
LF:12
LH:12
BRF:0
BRH:0
end_of_record
TN:
SF:src/shareds/messages.js
FNF:0
FNH:0
DA:1,32
LF:1
LH:1
BRF:0
BRH:0
end_of_record
TN:
SF:src/storage/storage.js
FNF:0
FNH:0
DA:1,2
LF:1
LH:1
BRF:0
BRH:0
end_of_record
TN:
SF:src/storage/compress/compress.js
FN:8,compress
FNF:1
FNH:1
FNDA:3,compress
DA:9,3
DA:10,1
DA:12,2
LF:3
LH:3
BRDA:9,0,0,1
BRDA:9,0,1,2
BRDA:9,1,0,3
BRDA:9,1,1,1
BRF:4
BRH:4
end_of_record
TN:
SF:src/storage/compress/decompress.js
FN:8,decompress
FNF:1
FNH:1
FNDA:2,decompress
DA:9,2
DA:10,0
DA:12,2
LF:3
LH:2
BRDA:9,0,0,0
BRDA:9,0,1,2
BRDA:9,1,0,2
BRDA:9,1,1,0
BRF:4
BRH:2
end_of_record
TN:
SF:src/storage/serialization/hash/decode.js
FN:5,deserializeHash
FNF:1
FNH:1
FNDA:5,deserializeHash
DA:7,5
DA:8,1
DA:11,4
DA:12,1
DA:15,3
DA:16,3
DA:17,3
DA:18,3
DA:20,3
DA:21,1
DA:24,2
DA:25,2
DA:27,2
DA:28,106
DA:31,2
DA:33,2
DA:34,4
DA:37,2
LF:18
LH:18
BRDA:7,0,0,1
BRDA:7,0,1,4
BRDA:11,1,0,1
BRDA:11,1,1,3
BRDA:20,2,0,1
BRDA:20,2,1,2
BRF:6
BRH:6
end_of_record
TN:
SF:src/storage/serialization/hash/encode.js
FN:5,serializeHash
FNF:1
FNH:1
FNDA:4,serializeHash
DA:7,4
DA:8,1
DA:11,3
DA:12,1
DA:15,2
DA:16,2
DA:17,2
DA:18,2
DA:20,2
DA:21,2
DA:23,2
DA:24,2
DA:26,2
DA:27,2
DA:28,162
DA:31,2
LF:16
LH:16
BRDA:7,0,0,1
BRDA:7,0,1,3
BRDA:11,1,0,1
BRDA:11,1,1,2
BRF:4
BRH:4
end_of_record
TN:
SF:src/storage/serialization/list/decode.js
FN:5,deserializeList
FNF:1
FNH:1
FNDA:5,deserializeList
DA:7,5
DA:8,1
DA:11,4
DA:12,1
DA:15,3
DA:16,3
DA:17,3
DA:18,3
DA:20,3
DA:21,1
DA:24,2
DA:25,6
DA:27,2
LF:13
LH:13
BRDA:7,0,0,1
BRDA:7,0,1,4
BRDA:11,1,0,1
BRDA:11,1,1,3
BRDA:20,2,0,1
BRDA:20,2,1,2
BRF:6
BRH:6
end_of_record
TN:
SF:src/storage/serialization/list/encode.js
FN:5,serializeList
FNF:1
FNH:1
FNDA:4,serializeList
DA:7,4
DA:8,1
DA:11,3
DA:12,1
DA:15,2
DA:16,2
DA:18,2
DA:19,2
DA:21,2
DA:22,2
DA:24,2
DA:25,6
DA:27,2
LF:13
LH:13
BRDA:7,0,0,1
BRDA:7,0,1,3
BRDA:11,1,0,1
BRDA:11,1,1,2
BRF:4
BRH:4
end_of_record
TN:
SF:src/storage/serialization/queue/decode.js
FN:5,deserializeQueue
FNF:1
FNH:1
FNDA:5,deserializeQueue
DA:7,5
DA:8,1
DA:11,4
DA:12,1
DA:15,3
DA:16,3
DA:17,3
DA:18,3
DA:20,3
DA:21,1
DA:24,2
DA:25,6
DA:28,2
LF:13
LH:13
BRDA:7,0,0,1
BRDA:7,0,1,4
BRDA:11,1,0,1
BRDA:11,1,1,3
BRDA:20,2,0,1
BRDA:20,2,1,2
BRF:6
BRH:6
end_of_record
TN:
SF:src/storage/serialization/queue/encode.js
FN:5,serializeQueue
FNF:1
FNH:1
FNDA:4,serializeQueue
DA:7,4
DA:8,1
DA:11,3
DA:12,1
DA:15,2
DA:16,2
DA:18,2
DA:19,2
DA:21,2
DA:22,2
DA:24,2
DA:25,6
DA:27,2
LF:13
LH:13
BRDA:7,0,0,1
BRDA:7,0,1,3
BRDA:11,1,0,1
BRDA:11,1,1,2
BRF:4
BRH:4
end_of_record
TN:
SF:src/storage/serialization/set/decode.js
FN:5,deserializeSet
FNF:1
FNH:1
FNDA:5,deserializeSet
DA:7,5
DA:8,1
DA:11,4
DA:12,1
DA:15,3
DA:16,3
DA:18,3
DA:19,1
DA:22,2
DA:23,2
DA:24,2
DA:25,2
DA:26,26
DA:29,2
DA:30,2
LF:15
LH:15
BRDA:7,0,0,1
BRDA:7,0,1,4
BRDA:11,1,0,1
BRDA:11,1,1,3
BRDA:18,2,0,1
BRDA:18,2,1,2
BRF:6
BRH:6
end_of_record
TN:
SF:src/storage/serialization/set/encode.js
FN:5,serializeSet
FNF:1
FNH:1
FNDA:4,serializeSet
DA:7,4
DA:8,1
DA:11,3
DA:12,1
DA:15,2
DA:17,2
DA:18,2
DA:20,2
DA:21,2
DA:23,2
DA:24,2
DA:26,2
DA:27,2
DA:28,26
DA:31,2
LF:15
LH:15
BRDA:7,0,0,1
BRDA:7,0,1,3
BRDA:11,1,0,1
BRDA:11,1,1,2
BRF:4
BRH:4
end_of_record
TN:
SF:src/storage/serialization/stack/decode.js
FN:5,deserializeStack
FNF:1
FNH:1
FNDA:5,deserializeStack
DA:7,5
DA:8,1
DA:11,4
DA:12,1
DA:15,3
DA:16,3
DA:17,3
DA:18,3
DA:20,3
DA:21,1
DA:24,2
DA:25,6
DA:28,2
LF:13
LH:13
BRDA:7,0,0,1
BRDA:7,0,1,4
BRDA:11,1,0,1
BRDA:11,1,1,3
BRDA:20,2,0,1
BRDA:20,2,1,2
BRF:6
BRH:6
end_of_record
TN:
SF:src/storage/serialization/stack/encode.js
FN:5,serializeStack
FNF:1
FNH:1
FNDA:4,serializeStack
DA:7,4
DA:8,1
DA:11,3
DA:12,1
DA:15,2
DA:16,2
DA:17,2
DA:18,2
DA:20,2
DA:21,2
DA:23,2
DA:24,6
DA:27,2
LF:13
LH:13
BRDA:7,0,0,1
BRDA:7,0,1,3
BRDA:11,1,0,1
BRDA:11,1,1,2
BRF:4
BRH:4
end_of_record
TN:
SF:src/storage/serialization/string/decode.js
FN:4,deserializeString
FNF:1
FNH:1
FNDA:5,deserializeString
DA:6,5
DA:7,1
DA:10,4
DA:11,1
DA:14,3
DA:15,3
DA:17,3
DA:18,1
DA:21,2
DA:22,2
DA:23,2
DA:25,2
DA:26,20
DA:29,2
LF:14
LH:14
BRDA:6,0,0,1
BRDA:6,0,1,4
BRDA:10,1,0,1
BRDA:10,1,1,3
BRDA:17,2,0,1
BRDA:17,2,1,2
BRF:6
BRH:6
end_of_record
TN:
SF:src/storage/serialization/string/encode.js
FN:5,serializeString
FNF:1
FNH:1
FNDA:4,serializeString
DA:7,4
DA:8,1
DA:11,3
DA:12,1
DA:15,2
DA:16,2
DA:17,2
DA:19,2
DA:20,2
DA:22,2
DA:23,2
DA:25,2
DA:26,2
DA:28,2
LF:14
LH:14
BRDA:7,0,0,1
BRDA:7,0,1,3
BRDA:11,1,0,1
BRDA:11,1,1,2
BRF:4
BRH:4
end_of_record
