TN:
SF:src/data-structures/bloom-filter.mjs
FN:10,(anonymous_0)
FN:15,(anonymous_1)
FN:24,(anonymous_2)
FN:33,(anonymous_3)
FN:42,(anonymous_4)
FN:49,(anonymous_5)
FNF:6
FNH:6
FNDA:1,(anonymous_0)
FNDA:5,(anonymous_1)
FNDA:4,(anonymous_2)
FNDA:4,(anonymous_3)
FNDA:2,(anonymous_4)
FNDA:3,(anonymous_5)
DA:1,1
DA:2,1
DA:3,1
DA:4,1
DA:11,1
DA:12,1
DA:16,5
DA:17,5
DA:18,25
DA:19,25
DA:21,5
DA:25,4
DA:26,4
DA:27,4
DA:28,20
DA:30,4
DA:34,4
DA:35,4
DA:36,20
DA:37,20
DA:39,4
DA:43,2
DA:44,6
DA:45,6
DA:50,3
DA:51,7
DA:52,7
DA:53,1
DA:56,2
LF:29
LH:29
BRDA:52,0,0,1
BRDA:52,0,1,6
BRF:2
BRH:2
end_of_record
TN:
SF:src/data-structures/hash-table.mjs
FN:10,(anonymous_0)
FN:14,(anonymous_1)
FN:26,(anonymous_2)
FN:35,(anonymous_3)
FN:39,(anonymous_4)
FN:44,(anonymous_5)
FN:48,(anonymous_6)
FN:55,(anonymous_7)
FN:59,(anonymous_8)
FN:61,(anonymous_9)
FN:64,(anonymous_10)
FN:68,(anonymous_11)
FN:73,(anonymous_12)
FN:74,(anonymous_13)
FNF:14
FNH:11
FNDA:6,(anonymous_0)
FNDA:10,(anonymous_1)
FNDA:4,(anonymous_2)
FNDA:2,(anonymous_3)
FNDA:3,(anonymous_4)
FNDA:9,(anonymous_5)
FNDA:2,(anonymous_6)
FNDA:3,(anonymous_7)
FNDA:0,(anonymous_8)
FNDA:0,(anonymous_9)
FNDA:1,(anonymous_10)
FNDA:2,(anonymous_11)
FNDA:1,(anonymous_12)
FNDA:0,(anonymous_13)
DA:4,1
DA:5,1
DA:11,6
DA:15,10
DA:16,10
DA:17,10
DA:20,10
DA:21,10
DA:23,10
DA:27,4
DA:28,4
DA:29,2
DA:30,2
DA:31,0
DA:32,0
DA:36,2
DA:40,3
DA:41,3
DA:45,9
DA:49,2
DA:50,2
DA:51,2
DA:52,2
DA:56,3
DA:60,0
DA:61,0
DA:65,1
DA:66,1
DA:67,1
DA:68,2
DA:70,1
DA:74,1
LF:32
LH:28
BRDA:14,0,0,9
BRDA:16,1,0,10
BRDA:16,1,1,0
BRDA:16,2,0,10
BRDA:16,2,1,0
BRDA:20,3,0,0
BRDA:20,3,1,10
BRDA:23,4,0,1
BRDA:23,4,1,9
BRDA:28,5,0,2
BRDA:28,5,1,2
BRDA:30,6,0,2
BRDA:30,6,1,0
BRDA:41,7,0,3
BRDA:41,7,1,1
BRDA:45,8,0,9
BRDA:45,8,1,5
BRDA:50,9,0,0
BRDA:50,9,1,2
BRF:19
BRH:14
end_of_record
TN:
SF:src/data-structures/linked-list.mjs
FN:2,(anonymous_0)
FN:10,(anonymous_1)
FN:16,(anonymous_2)
FN:26,(anonymous_3)
FN:36,(anonymous_4)
FN:50,(anonymous_5)
FN:59,(anonymous_6)
FN:88,(anonymous_7)
FNF:8
FNH:8
FNDA:38,(anonymous_0)
FNDA:21,(anonymous_1)
FNDA:12,(anonymous_2)
FNDA:26,(anonymous_3)
FNDA:4,(anonymous_4)
FNDA:16,(anonymous_5)
FNDA:10,(anonymous_6)
FNDA:21,(anonymous_7)
DA:3,38
DA:4,38
DA:5,38
DA:11,21
DA:12,21
DA:13,21
DA:17,12
DA:18,12
DA:19,6
DA:21,12
DA:22,12
DA:23,12
DA:27,26
DA:28,26
DA:29,16
DA:31,26
DA:32,26
DA:33,26
DA:37,4
DA:38,1
DA:39,1
DA:41,3
DA:42,1
DA:43,1
DA:45,2
DA:46,2
DA:47,1
DA:51,16
DA:52,16
DA:53,43
DA:54,33
DA:56,6
DA:61,10
DA:62,7
DA:63,7
DA:64,7
DA:65,7
DA:66,7
DA:69,3
DA:70,1
DA:71,1
DA:72,1
DA:73,1
DA:74,1
DA:77,2
DA:78,2
DA:80,2
DA:81,2
DA:82,2
DA:83,2
DA:85,2
DA:89,21
DA:90,21
DA:91,31
DA:92,31
LF:55
LH:55
BRDA:18,0,0,6
BRDA:18,0,1,6
BRDA:22,1,0,12
BRDA:22,1,1,6
BRDA:28,2,0,16
BRDA:28,2,1,10
BRDA:32,3,0,26
BRDA:32,3,1,10
BRDA:37,4,0,1
BRDA:37,4,1,3
BRDA:41,5,0,1
BRDA:41,5,1,2
BRDA:46,6,0,1
BRDA:46,6,1,1
BRDA:53,7,0,10
BRDA:53,7,1,33
BRDA:61,8,0,7
BRDA:61,8,1,3
BRDA:63,9,0,5
BRDA:63,9,1,2
BRDA:63,10,0,7
BRDA:63,10,1,5
BRDA:69,11,0,1
BRDA:69,11,1,2
BRDA:78,12,0,0
BRDA:78,12,1,2
BRDA:80,13,0,2
BRDA:80,13,1,0
BRDA:81,14,0,2
BRDA:81,14,1,0
BRF:30
BRH:27
end_of_record
TN:
SF:src/data-structures/list.mjs
FN:4,(anonymous_0)
FN:8,(anonymous_1)
FN:13,(anonymous_2)
FN:17,(anonymous_3)
FN:18,(anonymous_4)
FN:21,(anonymous_5)
FN:22,(anonymous_6)
FN:25,(anonymous_7)
FN:29,(anonymous_8)
FNF:9
FNH:9
FNDA:6,(anonymous_0)
FNDA:11,(anonymous_1)
FNDA:3,(anonymous_2)
FNDA:2,(anonymous_3)
FNDA:3,(anonymous_4)
FNDA:2,(anonymous_5)
FNDA:3,(anonymous_6)
FNDA:5,(anonymous_7)
FNDA:7,(anonymous_8)
DA:5,6
DA:9,11
DA:10,11
DA:14,3
DA:18,3
DA:22,3
DA:26,5
DA:30,7
LF:8
LH:8
BRF:0
BRH:0
end_of_record
TN:
SF:src/data-structures/queue.mjs
FN:6,(anonymous_0)
FN:10,(anonymous_1)
FN:14,(anonymous_2)
FN:20,(anonymous_3)
FN:24,(anonymous_4)
FN:28,(anonymous_5)
FN:30,(anonymous_6)
FNF:7
FNH:7
FNDA:6,(anonymous_0)
FNDA:10,(anonymous_1)
FNDA:3,(anonymous_2)
FNDA:1,(anonymous_3)
FNDA:8,(anonymous_4)
FNDA:7,(anonymous_5)
FNDA:6,(anonymous_6)
DA:7,6
DA:11,10
DA:15,3
DA:16,3
DA:17,3
DA:21,1
DA:25,8
DA:29,7
DA:30,7
DA:31,7
LF:10
LH:10
BRF:0
BRH:0
end_of_record
TN:
SF:src/data-structures/stack.mjs
FN:6,(anonymous_0)
FN:10,(anonymous_1)
FN:14,(anonymous_2)
FN:20,(anonymous_3)
FN:24,(anonymous_4)
FN:28,(anonymous_5)
FN:30,(anonymous_6)
FNF:7
FNH:7
FNDA:6,(anonymous_0)
FNDA:10,(anonymous_1)
FNDA:3,(anonymous_2)
FNDA:1,(anonymous_3)
FNDA:8,(anonymous_4)
FNDA:7,(anonymous_5)
FNDA:6,(anonymous_6)
DA:7,6
DA:11,10
DA:15,3
DA:16,3
DA:17,3
DA:21,1
DA:25,8
DA:29,7
DA:30,7
DA:31,7
LF:10
LH:10
BRF:0
BRH:0
end_of_record
TN:
SF:src/shareds/app-response.mjs
FN:2,(anonymous_0)
FN:7,(anonymous_1)
FN:11,(anonymous_2)
FN:18,(anonymous_3)
FN:23,(anonymous_4)
FN:27,(anonymous_5)
FNF:6
FNH:6
FNDA:3,(anonymous_0)
FNDA:1,(anonymous_1)
FNDA:1,(anonymous_2)
FNDA:3,(anonymous_3)
FNDA:1,(anonymous_4)
FNDA:1,(anonymous_5)
DA:3,3
DA:4,3
DA:8,1
DA:12,1
DA:19,3
DA:20,3
DA:24,1
DA:28,1
LF:8
LH:8
BRF:0
BRH:0
end_of_record
TN:
SF:src/shareds/helpers.mjs
FN:3,objHas
FN:7,isEmpty
FN:11,isString
FN:15,isNumber
FN:19,isObject
FN:23,isBoolean
FN:27,capitalize
FN:31,isValidJSON
FNF:8
FNH:8
FNDA:2,objHas
FNDA:6,isEmpty
FNDA:4,isString
FNDA:4,isNumber
FNDA:4,isObject
FNDA:5,isBoolean
FNDA:3,capitalize
FNDA:3,isValidJSON
DA:4,2
DA:8,6
DA:12,4
DA:16,4
DA:20,4
DA:24,5
DA:28,3
DA:32,3
DA:33,3
DA:34,1
DA:36,2
DA:40,1
LF:12
LH:12
BRF:0
BRH:0
end_of_record
